d:\visual studio 2013\flash zip rar 01.июл.2015 12-04-25\directxapp\bullet\!vsprojects\bulletdynamics\bulletdynamics.windowsphone\debug\bulletdynamics.windowsphone.vcxprojresolveassemblyreference.cache
d:\visual studio 2013\flash zip rar 01.июл.2015 12-04-25\directxapp\bullet\!vsprojects\bulletdynamics\bulletdynamics.windowsphone\debug\priconfig.xml
d:\visual studio 2013\flash zip rar 01.июл.2015 12-04-25\directxapp\bullet\!vsprojects\bulletdynamics\bulletdynamics.windowsphone\debug\priconfig.xml.intermediate
d:\visual studio 2013\flash zip rar 01.июл.2015 12-04-25\directxapp\bullet\!vsprojects\bulletdynamics\bulletdynamics.windowsphone\debug\layout.resfiles
d:\visual studio 2013\flash zip rar 01.июл.2015 12-04-25\directxapp\bullet\!vsprojects\bulletdynamics\bulletdynamics.windowsphone\debug\layout.resfiles.intermediate
d:\visual studio 2013\flash zip rar 01.июл.2015 12-04-25\directxapp\bullet\!vsprojects\bulletdynamics\bulletdynamics.windowsphone\debug\resources.resfiles
d:\visual studio 2013\flash zip rar 01.июл.2015 12-04-25\directxapp\bullet\!vsprojects\bulletdynamics\bulletdynamics.windowsphone\debug\resources.resfiles.intermediate
d:\visual studio 2013\flash zip rar 01.июл.2015 12-04-25\directxapp\bullet\!vsprojects\bulletdynamics\bulletdynamics.windowsphone\debug\pri.resfiles
d:\visual studio 2013\flash zip rar 01.июл.2015 12-04-25\directxapp\bullet\!vsprojects\bulletdynamics\bulletdynamics.windowsphone\debug\pri.resfiles.intermediate
d:\visual studio 2013\flash zip rar 01.июл.2015 12-04-25\directxapp\debug\bulletdynamics.windowsphone\bulletdynamics.pri
d:\visual studio 2013\flash zip rar 01.июл.2015 12-04-25\directxapp\bullet\!vsprojects\bulletdynamics\bulletdynamics.windowsphone\debug\qualifiers.txt
d:\visual studio 2013\flash zip rar 01.июл.2015 12-04-25\directxapp\bullet\!vsprojects\bulletdynamics\bulletdynamics.windowsphone\debug\qualifiers.txt.intermediate
d:\visual studio 2013\flash zip rar 01.июл.2015 12-04-25\directxapp\bullet\!vsprojects\bulletdynamics\bulletdynamics.windowsphone\debug\multiplequalifiersperdimensionfound.txt
d:\visual studio 2013\flash zip rar 01.июл.2015 12-04-25\directxapp\bullet\!vsprojects\bulletdynamics\bulletdynamics.windowsphone\debug\btconetwistconstraint.obj
d:\visual studio 2013\flash zip rar 01.июл.2015 12-04-25\directxapp\bullet\!vsprojects\bulletdynamics\bulletdynamics.windowsphone\debug\btgeneric6dofconstraint.obj
d:\visual studio 2013\flash zip rar 01.июл.2015 12-04-25\directxapp\bullet\!vsprojects\bulletdynamics\bulletdynamics.windowsphone\debug\btnncgconstraintsolver.obj
d:\visual studio 2013\flash zip rar 01.июл.2015 12-04-25\directxapp\bullet\!vsprojects\bulletdynamics\bulletdynamics.windowsphone\debug\btsolve2linearconstraint.obj
d:\visual studio 2013\flash zip rar 01.июл.2015 12-04-25\directxapp\bullet\!vsprojects\bulletdynamics\bulletdynamics.windowsphone\debug\btrigidbody.obj
d:\visual studio 2013\flash zip rar 01.июл.2015 12-04-25\directxapp\bullet\!vsprojects\bulletdynamics\bulletdynamics.windowsphone\debug\btmultibodyconstraint.obj
d:\visual studio 2013\flash zip rar 01.июл.2015 12-04-25\directxapp\bullet\!vsprojects\bulletdynamics\bulletdynamics.windowsphone\debug\btmultibodyjointlimitconstraint.obj
d:\visual studio 2013\flash zip rar 01.июл.2015 12-04-25\directxapp\bullet\!vsprojects\bulletdynamics\bulletdynamics.windowsphone\debug\btmultibodypoint2point.obj
d:\visual studio 2013\flash zip rar 01.июл.2015 12-04-25\directxapp\bullet\!vsprojects\bulletdynamics\bulletdynamics.windowsphone\debug\btwheelinfo.obj
d:\visual studio 2013\flash zip rar 01.июл.2015 12-04-25\directxapp\bullet\!vsprojects\bulletdynamics\bulletdynamics.windowsphone\debug\btkinematiccharactercontroller.obj
d:\visual studio 2013\flash zip rar 01.июл.2015 12-04-25\directxapp\bullet\!vsprojects\bulletdynamics\bulletdynamics.windowsphone\debug\btgeneric6dofspringconstraint.obj
d:\visual studio 2013\flash zip rar 01.июл.2015 12-04-25\directxapp\bullet\!vsprojects\bulletdynamics\bulletdynamics.windowsphone\debug\btpoint2pointconstraint.obj
d:\visual studio 2013\flash zip rar 01.июл.2015 12-04-25\directxapp\bullet\!vsprojects\bulletdynamics\bulletdynamics.windowsphone\debug\bttypedconstraint.obj
d:\visual studio 2013\flash zip rar 01.июл.2015 12-04-25\directxapp\bullet\!vsprojects\bulletdynamics\bulletdynamics.windowsphone\debug\btmultibody.obj
d:\visual studio 2013\flash zip rar 01.июл.2015 12-04-25\directxapp\bullet\!vsprojects\bulletdynamics\bulletdynamics.windowsphone\debug\btmultibodydynamicsworld.obj
d:\visual studio 2013\flash zip rar 01.июл.2015 12-04-25\directxapp\bullet\!vsprojects\bulletdynamics\bulletdynamics.windowsphone\debug\btraycastvehicle.obj
d:\visual studio 2013\flash zip rar 01.июл.2015 12-04-25\directxapp\bullet\!vsprojects\bulletdynamics\bulletdynamics.windowsphone\debug\btcontactconstraint.obj
d:\visual studio 2013\flash zip rar 01.июл.2015 12-04-25\directxapp\bullet\!vsprojects\bulletdynamics\bulletdynamics.windowsphone\debug\btgearconstraint.obj
d:\visual studio 2013\flash zip rar 01.июл.2015 12-04-25\directxapp\bullet\!vsprojects\bulletdynamics\bulletdynamics.windowsphone\debug\bthinge2constraint.obj
d:\visual studio 2013\flash zip rar 01.июл.2015 12-04-25\directxapp\bullet\!vsprojects\bulletdynamics\bulletdynamics.windowsphone\debug\btsequentialimpulseconstraintsolver.obj
d:\visual studio 2013\flash zip rar 01.июл.2015 12-04-25\directxapp\bullet\!vsprojects\bulletdynamics\bulletdynamics.windowsphone\debug\btuniversalconstraint.obj
d:\visual studio 2013\flash zip rar 01.июл.2015 12-04-25\directxapp\bullet\!vsprojects\bulletdynamics\bulletdynamics.windowsphone\debug\btsimpledynamicsworld.obj
d:\visual studio 2013\flash zip rar 01.июл.2015 12-04-25\directxapp\bullet\!vsprojects\bulletdynamics\bulletdynamics.windowsphone\debug\btmultibodyconstraintsolver.obj
d:\visual studio 2013\flash zip rar 01.июл.2015 12-04-25\directxapp\bullet\!vsprojects\bulletdynamics\bulletdynamics.windowsphone\debug\btdantziglcp.obj
d:\visual studio 2013\flash zip rar 01.июл.2015 12-04-25\directxapp\bullet\!vsprojects\bulletdynamics\bulletdynamics.windowsphone\debug\btmlcpsolver.obj
d:\visual studio 2013\flash zip rar 01.июл.2015 12-04-25\directxapp\bullet\!vsprojects\bulletdynamics\bulletdynamics.windowsphone\debug\btfixedconstraint.obj
d:\visual studio 2013\flash zip rar 01.июл.2015 12-04-25\directxapp\bullet\!vsprojects\bulletdynamics\bulletdynamics.windowsphone\debug\btgeneric6dofspring2constraint.obj
d:\visual studio 2013\flash zip rar 01.июл.2015 12-04-25\directxapp\bullet\!vsprojects\bulletdynamics\bulletdynamics.windowsphone\debug\bthingeconstraint.obj
d:\visual studio 2013\flash zip rar 01.июл.2015 12-04-25\directxapp\bullet\!vsprojects\bulletdynamics\bulletdynamics.windowsphone\debug\btsliderconstraint.obj
d:\visual studio 2013\flash zip rar 01.июл.2015 12-04-25\directxapp\bullet\!vsprojects\bulletdynamics\bulletdynamics.windowsphone\debug\btdiscretedynamicsworld.obj
d:\visual studio 2013\flash zip rar 01.июл.2015 12-04-25\directxapp\bullet\!vsprojects\bulletdynamics\bulletdynamics.windowsphone\debug\btmultibodyjointmotor.obj
d:\visual studio 2013\flash zip rar 01.июл.2015 12-04-25\directxapp\bullet\!vsprojects\bulletdynamics\bulletdynamics.windowsphone\debug\btlemkealgorithm.obj
d:\visual studio 2013\flash zip rar 01.июл.2015 12-04-25\directxapp\bullet\!vsprojects\bulletdynamics\bulletdynamics.windowsphone\debug\vc120.pdb
d:\visual studio 2013\flash zip rar 01.июл.2015 12-04-25\directxapp\debug\bulletdynamics.windowsphone\bulletdynamics.windowsphone.lib
d:\visual studio 2013\flash zip rar 01.июл.2015 12-04-25\directxapp\angryclone\bullet\!vsprojects\bulletdynamics\bulletdynamics.windowsphone\debug\bulletdynamics.windowsphone.vcxprojresolveassemblyreference.cache
d:\visual studio 2013\flash zip rar 01.июл.2015 12-04-25\directxapp\angryclone\bullet\!vsprojects\bulletdynamics\bulletdynamics.windowsphone\debug\btconetwistconstraint.obj
d:\visual studio 2013\flash zip rar 01.июл.2015 12-04-25\directxapp\angryclone\bullet\!vsprojects\bulletdynamics\bulletdynamics.windowsphone\debug\btcontactconstraint.obj
d:\visual studio 2013\flash zip rar 01.июл.2015 12-04-25\directxapp\angryclone\bullet\!vsprojects\bulletdynamics\bulletdynamics.windowsphone\debug\btdantziglcp.obj
d:\visual studio 2013\flash zip rar 01.июл.2015 12-04-25\directxapp\angryclone\bullet\!vsprojects\bulletdynamics\bulletdynamics.windowsphone\debug\btdiscretedynamicsworld.obj
d:\visual studio 2013\flash zip rar 01.июл.2015 12-04-25\directxapp\angryclone\bullet\!vsprojects\bulletdynamics\bulletdynamics.windowsphone\debug\btfixedconstraint.obj
d:\visual studio 2013\flash zip rar 01.июл.2015 12-04-25\directxapp\angryclone\bullet\!vsprojects\bulletdynamics\bulletdynamics.windowsphone\debug\btgearconstraint.obj
d:\visual studio 2013\flash zip rar 01.июл.2015 12-04-25\directxapp\angryclone\bullet\!vsprojects\bulletdynamics\bulletdynamics.windowsphone\debug\btgeneric6dofconstraint.obj
d:\visual studio 2013\flash zip rar 01.июл.2015 12-04-25\directxapp\angryclone\bullet\!vsprojects\bulletdynamics\bulletdynamics.windowsphone\debug\btgeneric6dofspring2constraint.obj
d:\visual studio 2013\flash zip rar 01.июл.2015 12-04-25\directxapp\angryclone\bullet\!vsprojects\bulletdynamics\bulletdynamics.windowsphone\debug\btgeneric6dofspringconstraint.obj
d:\visual studio 2013\flash zip rar 01.июл.2015 12-04-25\directxapp\angryclone\bullet\!vsprojects\bulletdynamics\bulletdynamics.windowsphone\debug\bthinge2constraint.obj
d:\visual studio 2013\flash zip rar 01.июл.2015 12-04-25\directxapp\angryclone\bullet\!vsprojects\bulletdynamics\bulletdynamics.windowsphone\debug\bthingeconstraint.obj
d:\visual studio 2013\flash zip rar 01.июл.2015 12-04-25\directxapp\angryclone\bullet\!vsprojects\bulletdynamics\bulletdynamics.windowsphone\debug\btkinematiccharactercontroller.obj
d:\visual studio 2013\flash zip rar 01.июл.2015 12-04-25\directxapp\angryclone\bullet\!vsprojects\bulletdynamics\bulletdynamics.windowsphone\debug\btlemkealgorithm.obj
d:\visual studio 2013\flash zip rar 01.июл.2015 12-04-25\directxapp\angryclone\bullet\!vsprojects\bulletdynamics\bulletdynamics.windowsphone\debug\btmlcpsolver.obj
d:\visual studio 2013\flash zip rar 01.июл.2015 12-04-25\directxapp\angryclone\bullet\!vsprojects\bulletdynamics\bulletdynamics.windowsphone\debug\btmultibody.obj
d:\visual studio 2013\flash zip rar 01.июл.2015 12-04-25\directxapp\angryclone\bullet\!vsprojects\bulletdynamics\bulletdynamics.windowsphone\debug\btmultibodyconstraint.obj
d:\visual studio 2013\flash zip rar 01.июл.2015 12-04-25\directxapp\angryclone\bullet\!vsprojects\bulletdynamics\bulletdynamics.windowsphone\debug\btmultibodyconstraintsolver.obj
d:\visual studio 2013\flash zip rar 01.июл.2015 12-04-25\directxapp\angryclone\bullet\!vsprojects\bulletdynamics\bulletdynamics.windowsphone\debug\btmultibodydynamicsworld.obj
d:\visual studio 2013\flash zip rar 01.июл.2015 12-04-25\directxapp\angryclone\bullet\!vsprojects\bulletdynamics\bulletdynamics.windowsphone\debug\btmultibodyjointlimitconstraint.obj
d:\visual studio 2013\flash zip rar 01.июл.2015 12-04-25\directxapp\angryclone\bullet\!vsprojects\bulletdynamics\bulletdynamics.windowsphone\debug\btmultibodyjointmotor.obj
d:\visual studio 2013\flash zip rar 01.июл.2015 12-04-25\directxapp\angryclone\bullet\!vsprojects\bulletdynamics\bulletdynamics.windowsphone\debug\btmultibodypoint2point.obj
d:\visual studio 2013\flash zip rar 01.июл.2015 12-04-25\directxapp\angryclone\bullet\!vsprojects\bulletdynamics\bulletdynamics.windowsphone\debug\btnncgconstraintsolver.obj
d:\visual studio 2013\flash zip rar 01.июл.2015 12-04-25\directxapp\angryclone\bullet\!vsprojects\bulletdynamics\bulletdynamics.windowsphone\debug\btpoint2pointconstraint.obj
d:\visual studio 2013\flash zip rar 01.июл.2015 12-04-25\directxapp\angryclone\bullet\!vsprojects\bulletdynamics\bulletdynamics.windowsphone\debug\btraycastvehicle.obj
d:\visual studio 2013\flash zip rar 01.июл.2015 12-04-25\directxapp\angryclone\bullet\!vsprojects\bulletdynamics\bulletdynamics.windowsphone\debug\btrigidbody.obj
d:\visual studio 2013\flash zip rar 01.июл.2015 12-04-25\directxapp\angryclone\bullet\!vsprojects\bulletdynamics\bulletdynamics.windowsphone\debug\btsequentialimpulseconstraintsolver.obj
d:\visual studio 2013\flash zip rar 01.июл.2015 12-04-25\directxapp\angryclone\bullet\!vsprojects\bulletdynamics\bulletdynamics.windowsphone\debug\btsimpledynamicsworld.obj
d:\visual studio 2013\flash zip rar 01.июл.2015 12-04-25\directxapp\angryclone\bullet\!vsprojects\bulletdynamics\bulletdynamics.windowsphone\debug\btsliderconstraint.obj
d:\visual studio 2013\flash zip rar 01.июл.2015 12-04-25\directxapp\angryclone\bullet\!vsprojects\bulletdynamics\bulletdynamics.windowsphone\debug\btsolve2linearconstraint.obj
d:\visual studio 2013\flash zip rar 01.июл.2015 12-04-25\directxapp\angryclone\bullet\!vsprojects\bulletdynamics\bulletdynamics.windowsphone\debug\bttypedconstraint.obj
d:\visual studio 2013\flash zip rar 01.июл.2015 12-04-25\directxapp\angryclone\bullet\!vsprojects\bulletdynamics\bulletdynamics.windowsphone\debug\btuniversalconstraint.obj
d:\visual studio 2013\flash zip rar 01.июл.2015 12-04-25\directxapp\angryclone\bullet\!vsprojects\bulletdynamics\bulletdynamics.windowsphone\debug\btwheelinfo.obj
d:\visual studio 2013\flash zip rar 01.июл.2015 12-04-25\directxapp\angryclone\bullet\!vsprojects\bulletdynamics\bulletdynamics.windowsphone\debug\vc120.idb
d:\visual studio 2013\flash zip rar 01.июл.2015 12-04-25\directxapp\angryclone\bullet\!vsprojects\bulletdynamics\bulletdynamics.windowsphone\debug\vc120.pdb
d:\visual studio 2013\flash zip rar 01.июл.2015 12-04-25\directxapp\angryclone\bullet\!vsprojects\bulletdynamics\bulletdynamics.windowsphone\debug\priconfig.xml
d:\visual studio 2013\flash zip rar 01.июл.2015 12-04-25\directxapp\angryclone\debug\bulletdynamics.windowsphone\bulletdynamics.windowsphone.lib
d:\visual studio 2013\flash zip rar 01.июл.2015 12-04-25\directxapp\angryclone\bullet\!vsprojects\bulletdynamics\bulletdynamics.windowsphone\debug\bulletdy.1993acc1.tlog\bulletdynamics.windowsphone.read.1u.tlog
d:\visual studio 2013\flash zip rar 01.июл.2015 12-04-25\directxapp\angryclone\bullet\!vsprojects\bulletdynamics\bulletdynamics.windowsphone\debug\bulletdy.1993acc1.tlog\bulletdynamics.windowsphone.write.1u.tlog
d:\visual studio 2013\flash zip rar 01.июл.2015 12-04-25\directxapp\angryclone\bullet\!vsprojects\bulletdynamics\bulletdynamics.windowsphone\debug\bulletdy.1993acc1.tlog\cl.command.1.tlog
d:\visual studio 2013\flash zip rar 01.июл.2015 12-04-25\directxapp\angryclone\bullet\!vsprojects\bulletdynamics\bulletdynamics.windowsphone\debug\bulletdy.1993acc1.tlog\cl.read.1.tlog
d:\visual studio 2013\flash zip rar 01.июл.2015 12-04-25\directxapp\angryclone\bullet\!vsprojects\bulletdynamics\bulletdynamics.windowsphone\debug\bulletdy.1993acc1.tlog\cl.write.1.tlog
d:\visual studio 2013\flash zip rar 01.июл.2015 12-04-25\directxapp\angryclone\bullet\!vsprojects\bulletdynamics\bulletdynamics.windowsphone\debug\bulletdy.1993acc1.tlog\lib-link.read.1.tlog
d:\visual studio 2013\flash zip rar 01.июл.2015 12-04-25\directxapp\angryclone\bullet\!vsprojects\bulletdynamics\bulletdynamics.windowsphone\debug\bulletdy.1993acc1.tlog\lib-link.write.1.tlog
d:\visual studio 2013\flash zip rar 01.июл.2015 12-04-25\directxapp\angryclone\bullet\!vsprojects\bulletdynamics\bulletdynamics.windowsphone\debug\bulletdy.1993acc1.tlog\lib.command.1.tlog
