d:\visual studio 2013\flash zip rar 01.июл.2015 12-04-25\directxapp\bullet\!vsprojects\bulletcollision\bulletcollision.windowsphone\debug\bulletcollision.windowsphone.vcxprojresolveassemblyreference.cache
d:\visual studio 2013\flash zip rar 01.июл.2015 12-04-25\directxapp\bullet\!vsprojects\bulletcollision\bulletcollision.windowsphone\debug\priconfig.xml
d:\visual studio 2013\flash zip rar 01.июл.2015 12-04-25\directxapp\bullet\!vsprojects\bulletcollision\bulletcollision.windowsphone\debug\priconfig.xml.intermediate
d:\visual studio 2013\flash zip rar 01.июл.2015 12-04-25\directxapp\bullet\!vsprojects\bulletcollision\bulletcollision.windowsphone\debug\layout.resfiles
d:\visual studio 2013\flash zip rar 01.июл.2015 12-04-25\directxapp\bullet\!vsprojects\bulletcollision\bulletcollision.windowsphone\debug\layout.resfiles.intermediate
d:\visual studio 2013\flash zip rar 01.июл.2015 12-04-25\directxapp\bullet\!vsprojects\bulletcollision\bulletcollision.windowsphone\debug\resources.resfiles
d:\visual studio 2013\flash zip rar 01.июл.2015 12-04-25\directxapp\bullet\!vsprojects\bulletcollision\bulletcollision.windowsphone\debug\resources.resfiles.intermediate
d:\visual studio 2013\flash zip rar 01.июл.2015 12-04-25\directxapp\bullet\!vsprojects\bulletcollision\bulletcollision.windowsphone\debug\pri.resfiles
d:\visual studio 2013\flash zip rar 01.июл.2015 12-04-25\directxapp\bullet\!vsprojects\bulletcollision\bulletcollision.windowsphone\debug\pri.resfiles.intermediate
d:\visual studio 2013\flash zip rar 01.июл.2015 12-04-25\directxapp\debug\bulletcollision.windowsphone\bulletcollision.pri
d:\visual studio 2013\flash zip rar 01.июл.2015 12-04-25\directxapp\bullet\!vsprojects\bulletcollision\bulletcollision.windowsphone\debug\qualifiers.txt
d:\visual studio 2013\flash zip rar 01.июл.2015 12-04-25\directxapp\bullet\!vsprojects\bulletcollision\bulletcollision.windowsphone\debug\qualifiers.txt.intermediate
d:\visual studio 2013\flash zip rar 01.июл.2015 12-04-25\directxapp\bullet\!vsprojects\bulletcollision\bulletcollision.windowsphone\debug\multiplequalifiersperdimensionfound.txt
d:\visual studio 2013\flash zip rar 01.июл.2015 12-04-25\directxapp\bullet\!vsprojects\bulletcollision\bulletcollision.windowsphone\debug\btaxissweep3.obj
d:\visual studio 2013\flash zip rar 01.июл.2015 12-04-25\directxapp\bullet\!vsprojects\bulletcollision\bulletcollision.windowsphone\debug\btquantizedbvh.obj
d:\visual studio 2013\flash zip rar 01.июл.2015 12-04-25\directxapp\bullet\!vsprojects\bulletcollision\bulletcollision.windowsphone\debug\btcollisiondispatcher.obj
d:\visual studio 2013\flash zip rar 01.июл.2015 12-04-25\directxapp\bullet\!vsprojects\bulletcollision\bulletcollision.windowsphone\debug\btcompoundcollisionalgorithm.obj
d:\visual studio 2013\flash zip rar 01.июл.2015 12-04-25\directxapp\bullet\!vsprojects\bulletcollision\bulletcollision.windowsphone\debug\btconvex2dconvex2dalgorithm.obj
d:\visual studio 2013\flash zip rar 01.июл.2015 12-04-25\directxapp\bullet\!vsprojects\bulletcollision\bulletcollision.windowsphone\debug\btconvexplanecollisionalgorithm.obj
d:\visual studio 2013\flash zip rar 01.июл.2015 12-04-25\directxapp\bullet\!vsprojects\bulletcollision\bulletcollision.windowsphone\debug\btghostobject.obj
d:\visual studio 2013\flash zip rar 01.июл.2015 12-04-25\directxapp\bullet\!vsprojects\bulletcollision\bulletcollision.windowsphone\debug\btspherespherecollisionalgorithm.obj
d:\visual studio 2013\flash zip rar 01.июл.2015 12-04-25\directxapp\bullet\!vsprojects\bulletcollision\bulletcollision.windowsphone\debug\btbox2dshape.obj
d:\visual studio 2013\flash zip rar 01.июл.2015 12-04-25\directxapp\bullet\!vsprojects\bulletcollision\bulletcollision.windowsphone\debug\btcollisionshape.obj
d:\visual studio 2013\flash zip rar 01.июл.2015 12-04-25\directxapp\bullet\!vsprojects\bulletcollision\bulletcollision.windowsphone\debug\btconvex2dshape.obj
d:\visual studio 2013\flash zip rar 01.июл.2015 12-04-25\directxapp\bullet\!vsprojects\bulletcollision\bulletcollision.windowsphone\debug\btconvexpolyhedron.obj
d:\visual studio 2013\flash zip rar 01.июл.2015 12-04-25\directxapp\bullet\!vsprojects\bulletcollision\bulletcollision.windowsphone\debug\btcylindershape.obj
d:\visual studio 2013\flash zip rar 01.июл.2015 12-04-25\directxapp\bullet\!vsprojects\bulletcollision\bulletcollision.windowsphone\debug\btoptimizedbvh.obj
d:\visual studio 2013\flash zip rar 01.июл.2015 12-04-25\directxapp\bullet\!vsprojects\bulletcollision\bulletcollision.windowsphone\debug\btscaledbvhtrianglemeshshape.obj
d:\visual studio 2013\flash zip rar 01.июл.2015 12-04-25\directxapp\bullet\!vsprojects\bulletcollision\bulletcollision.windowsphone\debug\bttrianglecallback.obj
d:\visual studio 2013\flash zip rar 01.июл.2015 12-04-25\directxapp\bullet\!vsprojects\bulletcollision\bulletcollision.windowsphone\debug\bttrianglemesh.obj
d:\visual studio 2013\flash zip rar 01.июл.2015 12-04-25\directxapp\bullet\!vsprojects\bulletcollision\bulletcollision.windowsphone\debug\btgenericpoolallocator.obj
d:\visual studio 2013\flash zip rar 01.июл.2015 12-04-25\directxapp\bullet\!vsprojects\bulletcollision\bulletcollision.windowsphone\debug\btgimpactquantizedbvh.obj
d:\visual studio 2013\flash zip rar 01.июл.2015 12-04-25\directxapp\bullet\!vsprojects\bulletcollision\bulletcollision.windowsphone\debug\gim_box_set.obj
d:\visual studio 2013\flash zip rar 01.июл.2015 12-04-25\directxapp\bullet\!vsprojects\bulletcollision\bulletcollision.windowsphone\debug\gim_memory.obj
d:\visual studio 2013\flash zip rar 01.июл.2015 12-04-25\directxapp\bullet\!vsprojects\bulletcollision\bulletcollision.windowsphone\debug\btcontinuousconvexcollision.obj
d:\visual studio 2013\flash zip rar 01.июл.2015 12-04-25\directxapp\bullet\!vsprojects\bulletcollision\bulletcollision.windowsphone\debug\btgjkpairdetector.obj
d:\visual studio 2013\flash zip rar 01.июл.2015 12-04-25\directxapp\bullet\!vsprojects\bulletcollision\bulletcollision.windowsphone\debug\btvoronoisimplexsolver.obj
d:\visual studio 2013\flash zip rar 01.июл.2015 12-04-25\directxapp\bullet\!vsprojects\bulletcollision\bulletcollision.windowsphone\debug\btdbvt.obj
d:\visual studio 2013\flash zip rar 01.июл.2015 12-04-25\directxapp\bullet\!vsprojects\bulletcollision\bulletcollision.windowsphone\debug\btoverlappingpaircache.obj
d:\visual studio 2013\flash zip rar 01.июл.2015 12-04-25\directxapp\bullet\!vsprojects\bulletcollision\bulletcollision.windowsphone\debug\btactivatingcollisionalgorithm.obj
d:\visual studio 2013\flash zip rar 01.июл.2015 12-04-25\directxapp\bullet\!vsprojects\bulletcollision\bulletcollision.windowsphone\debug\btboxboxdetector.obj
d:\visual studio 2013\flash zip rar 01.июл.2015 12-04-25\directxapp\bullet\!vsprojects\bulletcollision\bulletcollision.windowsphone\debug\btcollisionworld.obj
d:\visual studio 2013\flash zip rar 01.июл.2015 12-04-25\directxapp\bullet\!vsprojects\bulletcollision\bulletcollision.windowsphone\debug\btconvexconvexalgorithm.obj
d:\visual studio 2013\flash zip rar 01.июл.2015 12-04-25\directxapp\bullet\!vsprojects\bulletcollision\bulletcollision.windowsphone\debug\bthashedsimplepaircache.obj
d:\visual studio 2013\flash zip rar 01.июл.2015 12-04-25\directxapp\bullet\!vsprojects\bulletcollision\bulletcollision.windowsphone\debug\btsimulationislandmanager.obj
d:\visual studio 2013\flash zip rar 01.июл.2015 12-04-25\directxapp\bullet\!vsprojects\bulletcollision\bulletcollision.windowsphone\debug\btspheretrianglecollisionalgorithm.obj
d:\visual studio 2013\flash zip rar 01.июл.2015 12-04-25\directxapp\bullet\!vsprojects\bulletcollision\bulletcollision.windowsphone\debug\btbvhtrianglemeshshape.obj
d:\visual studio 2013\flash zip rar 01.июл.2015 12-04-25\directxapp\bullet\!vsprojects\bulletcollision\bulletcollision.windowsphone\debug\btconvexinternalshape.obj
d:\visual studio 2013\flash zip rar 01.июл.2015 12-04-25\directxapp\bullet\!vsprojects\bulletcollision\bulletcollision.windowsphone\debug\btconvexshape.obj
d:\visual studio 2013\flash zip rar 01.июл.2015 12-04-25\directxapp\bullet\!vsprojects\bulletcollision\bulletcollision.windowsphone\debug\btheightfieldterrainshape.obj
d:\visual studio 2013\flash zip rar 01.июл.2015 12-04-25\directxapp\bullet\!vsprojects\bulletcollision\bulletcollision.windowsphone\debug\btmultisphereshape.obj
d:\visual studio 2013\flash zip rar 01.июл.2015 12-04-25\directxapp\bullet\!vsprojects\bulletcollision\bulletcollision.windowsphone\debug\btsphereshape.obj
d:\visual studio 2013\flash zip rar 01.июл.2015 12-04-25\directxapp\bullet\!vsprojects\bulletcollision\bulletcollision.windowsphone\debug\bttetrahedronshape.obj
d:\visual studio 2013\flash zip rar 01.июл.2015 12-04-25\directxapp\bullet\!vsprojects\bulletcollision\bulletcollision.windowsphone\debug\bttriangleindexvertexarray.obj
d:\visual studio 2013\flash zip rar 01.июл.2015 12-04-25\directxapp\bullet\!vsprojects\bulletcollision\bulletcollision.windowsphone\debug\btuniformscalingshape.obj
d:\visual studio 2013\flash zip rar 01.июл.2015 12-04-25\directxapp\bullet\!vsprojects\bulletcollision\bulletcollision.windowsphone\debug\btgimpactbvh.obj
d:\visual studio 2013\flash zip rar 01.июл.2015 12-04-25\directxapp\bullet\!vsprojects\bulletcollision\bulletcollision.windowsphone\debug\bttriangleshapeex.obj
d:\visual studio 2013\flash zip rar 01.июл.2015 12-04-25\directxapp\bullet\!vsprojects\bulletcollision\bulletcollision.windowsphone\debug\gim_contact.obj
d:\visual studio 2013\flash zip rar 01.июл.2015 12-04-25\directxapp\bullet\!vsprojects\bulletcollision\bulletcollision.windowsphone\debug\btconvexcast.obj
d:\visual studio 2013\flash zip rar 01.июл.2015 12-04-25\directxapp\bullet\!vsprojects\bulletcollision\bulletcollision.windowsphone\debug\btgjkepapenetrationdepthsolver.obj
d:\visual studio 2013\flash zip rar 01.июл.2015 12-04-25\directxapp\bullet\!vsprojects\bulletcollision\bulletcollision.windowsphone\debug\btpolyhedralcontactclipping.obj
d:\visual studio 2013\flash zip rar 01.июл.2015 12-04-25\directxapp\bullet\!vsprojects\bulletcollision\bulletcollision.windowsphone\debug\btcollisionalgorithm.obj
d:\visual studio 2013\flash zip rar 01.июл.2015 12-04-25\directxapp\bullet\!vsprojects\bulletcollision\bulletcollision.windowsphone\debug\btdispatcher.obj
d:\visual studio 2013\flash zip rar 01.июл.2015 12-04-25\directxapp\bullet\!vsprojects\bulletcollision\bulletcollision.windowsphone\debug\btmultisapbroadphase.obj
d:\visual studio 2013\flash zip rar 01.июл.2015 12-04-25\directxapp\bullet\!vsprojects\bulletcollision\bulletcollision.windowsphone\debug\btbox2dbox2dcollisionalgorithm.obj
d:\visual studio 2013\flash zip rar 01.июл.2015 12-04-25\directxapp\bullet\!vsprojects\bulletcollision\bulletcollision.windowsphone\debug\btcollisionobject.obj
d:\visual studio 2013\flash zip rar 01.июл.2015 12-04-25\directxapp\bullet\!vsprojects\bulletcollision\bulletcollision.windowsphone\debug\btcompoundcompoundcollisionalgorithm.obj
d:\visual studio 2013\flash zip rar 01.июл.2015 12-04-25\directxapp\bullet\!vsprojects\bulletcollision\bulletcollision.windowsphone\debug\btconvexconcavecollisionalgorithm.obj
d:\visual studio 2013\flash zip rar 01.июл.2015 12-04-25\directxapp\bullet\!vsprojects\bulletcollision\bulletcollision.windowsphone\debug\btdefaultcollisionconfiguration.obj
d:\visual studio 2013\flash zip rar 01.июл.2015 12-04-25\directxapp\bullet\!vsprojects\bulletcollision\bulletcollision.windowsphone\debug\btmanifoldresult.obj
d:\visual studio 2013\flash zip rar 01.июл.2015 12-04-25\directxapp\bullet\!vsprojects\bulletcollision\bulletcollision.windowsphone\debug\btsphereboxcollisionalgorithm.obj
d:\visual studio 2013\flash zip rar 01.июл.2015 12-04-25\directxapp\bullet\!vsprojects\bulletcollision\bulletcollision.windowsphone\debug\spheretriangledetector.obj
d:\visual studio 2013\flash zip rar 01.июл.2015 12-04-25\directxapp\bullet\!vsprojects\bulletcollision\bulletcollision.windowsphone\debug\btcapsuleshape.obj
d:\visual studio 2013\flash zip rar 01.июл.2015 12-04-25\directxapp\bullet\!vsprojects\bulletcollision\bulletcollision.windowsphone\debug\btconcaveshape.obj
d:\visual studio 2013\flash zip rar 01.июл.2015 12-04-25\directxapp\bullet\!vsprojects\bulletcollision\bulletcollision.windowsphone\debug\btconeshape.obj
d:\visual studio 2013\flash zip rar 01.июл.2015 12-04-25\directxapp\bullet\!vsprojects\bulletcollision\bulletcollision.windowsphone\debug\btconvexhullshape.obj
d:\visual studio 2013\flash zip rar 01.июл.2015 12-04-25\directxapp\bullet\!vsprojects\bulletcollision\bulletcollision.windowsphone\debug\btemptyshape.obj
d:\visual studio 2013\flash zip rar 01.июл.2015 12-04-25\directxapp\bullet\!vsprojects\bulletcollision\bulletcollision.windowsphone\debug\btmultimaterialtrianglemeshshape.obj
d:\visual studio 2013\flash zip rar 01.июл.2015 12-04-25\directxapp\bullet\!vsprojects\bulletcollision\bulletcollision.windowsphone\debug\btstaticplaneshape.obj
d:\visual studio 2013\flash zip rar 01.июл.2015 12-04-25\directxapp\bullet\!vsprojects\bulletcollision\bulletcollision.windowsphone\debug\bttrianglebuffer.obj
d:\visual studio 2013\flash zip rar 01.июл.2015 12-04-25\directxapp\bullet\!vsprojects\bulletcollision\bulletcollision.windowsphone\debug\bttriangleindexvertexmaterialarray.obj
d:\visual studio 2013\flash zip rar 01.июл.2015 12-04-25\directxapp\bullet\!vsprojects\bulletcollision\bulletcollision.windowsphone\debug\btcontactprocessing.obj
d:\visual studio 2013\flash zip rar 01.июл.2015 12-04-25\directxapp\bullet\!vsprojects\bulletcollision\bulletcollision.windowsphone\debug\btgimpactshape.obj
d:\visual studio 2013\flash zip rar 01.июл.2015 12-04-25\directxapp\bullet\!vsprojects\bulletcollision\bulletcollision.windowsphone\debug\gim_tri_collision.obj
d:\visual studio 2013\flash zip rar 01.июл.2015 12-04-25\directxapp\bullet\!vsprojects\bulletcollision\bulletcollision.windowsphone\debug\btgjkepa2.obj
d:\visual studio 2013\flash zip rar 01.июл.2015 12-04-25\directxapp\bullet\!vsprojects\bulletcollision\bulletcollision.windowsphone\debug\btpersistentmanifold.obj
d:\visual studio 2013\flash zip rar 01.июл.2015 12-04-25\directxapp\bullet\!vsprojects\bulletcollision\bulletcollision.windowsphone\debug\btraycastcallback.obj
d:\visual studio 2013\flash zip rar 01.июл.2015 12-04-25\directxapp\bullet\!vsprojects\bulletcollision\bulletcollision.windowsphone\debug\btbroadphaseproxy.obj
d:\visual studio 2013\flash zip rar 01.июл.2015 12-04-25\directxapp\bullet\!vsprojects\bulletcollision\bulletcollision.windowsphone\debug\btdbvtbroadphase.obj
d:\visual studio 2013\flash zip rar 01.июл.2015 12-04-25\directxapp\bullet\!vsprojects\bulletcollision\bulletcollision.windowsphone\debug\btsimplebroadphase.obj
d:\visual studio 2013\flash zip rar 01.июл.2015 12-04-25\directxapp\bullet\!vsprojects\bulletcollision\bulletcollision.windowsphone\debug\btboxboxcollisionalgorithm.obj
d:\visual studio 2013\flash zip rar 01.июл.2015 12-04-25\directxapp\bullet\!vsprojects\bulletcollision\bulletcollision.windowsphone\debug\btcollisionworldimporter.obj
d:\visual studio 2013\flash zip rar 01.июл.2015 12-04-25\directxapp\bullet\!vsprojects\bulletcollision\bulletcollision.windowsphone\debug\btemptycollisionalgorithm.obj
d:\visual studio 2013\flash zip rar 01.июл.2015 12-04-25\directxapp\bullet\!vsprojects\bulletcollision\bulletcollision.windowsphone\debug\btinternaledgeutility.obj
d:\visual studio 2013\flash zip rar 01.июл.2015 12-04-25\directxapp\bullet\!vsprojects\bulletcollision\bulletcollision.windowsphone\debug\btunionfind.obj
d:\visual studio 2013\flash zip rar 01.июл.2015 12-04-25\directxapp\bullet\!vsprojects\bulletcollision\bulletcollision.windowsphone\debug\btboxshape.obj
d:\visual studio 2013\flash zip rar 01.июл.2015 12-04-25\directxapp\bullet\!vsprojects\bulletcollision\bulletcollision.windowsphone\debug\btcompoundshape.obj
d:\visual studio 2013\flash zip rar 01.июл.2015 12-04-25\directxapp\bullet\!vsprojects\bulletcollision\bulletcollision.windowsphone\debug\btconvexpointcloudshape.obj
d:\visual studio 2013\flash zip rar 01.июл.2015 12-04-25\directxapp\bullet\!vsprojects\bulletcollision\bulletcollision.windowsphone\debug\btconvextrianglemeshshape.obj
d:\visual studio 2013\flash zip rar 01.июл.2015 12-04-25\directxapp\bullet\!vsprojects\bulletcollision\bulletcollision.windowsphone\debug\btminkowskisumshape.obj
d:\visual studio 2013\flash zip rar 01.июл.2015 12-04-25\directxapp\bullet\!vsprojects\bulletcollision\bulletcollision.windowsphone\debug\btpolyhedralconvexshape.obj
d:\visual studio 2013\flash zip rar 01.июл.2015 12-04-25\directxapp\bullet\!vsprojects\bulletcollision\bulletcollision.windowsphone\debug\btshapehull.obj
d:\visual studio 2013\flash zip rar 01.июл.2015 12-04-25\directxapp\bullet\!vsprojects\bulletcollision\bulletcollision.windowsphone\debug\btstridingmeshinterface.obj
d:\visual studio 2013\flash zip rar 01.июл.2015 12-04-25\directxapp\bullet\!vsprojects\bulletcollision\bulletcollision.windowsphone\debug\bttrianglemeshshape.obj
d:\visual studio 2013\flash zip rar 01.июл.2015 12-04-25\directxapp\bullet\!vsprojects\bulletcollision\bulletcollision.windowsphone\debug\btgimpactcollisionalgorithm.obj
d:\visual studio 2013\flash zip rar 01.июл.2015 12-04-25\directxapp\bullet\!vsprojects\bulletcollision\bulletcollision.windowsphone\debug\btgjkconvexcast.obj
d:\visual studio 2013\flash zip rar 01.июл.2015 12-04-25\directxapp\bullet\!vsprojects\bulletcollision\bulletcollision.windowsphone\debug\btminkowskipenetrationdepthsolver.obj
d:\visual studio 2013\flash zip rar 01.июл.2015 12-04-25\directxapp\bullet\!vsprojects\bulletcollision\bulletcollision.windowsphone\debug\btsubsimplexconvexcast.obj
d:\visual studio 2013\flash zip rar 01.июл.2015 12-04-25\directxapp\bullet\!vsprojects\bulletcollision\bulletcollision.windowsphone\debug\vc120.pdb
d:\visual studio 2013\flash zip rar 01.июл.2015 12-04-25\directxapp\debug\bulletcollision.windowsphone\bulletcollision.windowsphone.lib
d:\visual studio 2013\flash zip rar 01.июл.2015 12-04-25\directxapp\angryclone\bullet\!vsprojects\bulletcollision\bulletcollision.windowsphone\debug\bulletcollision.windowsphone.vcxprojresolveassemblyreference.cache
d:\visual studio 2013\flash zip rar 01.июл.2015 12-04-25\directxapp\angryclone\bullet\!vsprojects\bulletcollision\bulletcollision.windowsphone\debug\btactivatingcollisionalgorithm.obj
d:\visual studio 2013\flash zip rar 01.июл.2015 12-04-25\directxapp\angryclone\bullet\!vsprojects\bulletcollision\bulletcollision.windowsphone\debug\btaxissweep3.obj
d:\visual studio 2013\flash zip rar 01.июл.2015 12-04-25\directxapp\angryclone\bullet\!vsprojects\bulletcollision\bulletcollision.windowsphone\debug\btbox2dbox2dcollisionalgorithm.obj
d:\visual studio 2013\flash zip rar 01.июл.2015 12-04-25\directxapp\angryclone\bullet\!vsprojects\bulletcollision\bulletcollision.windowsphone\debug\btbox2dshape.obj
d:\visual studio 2013\flash zip rar 01.июл.2015 12-04-25\directxapp\angryclone\bullet\!vsprojects\bulletcollision\bulletcollision.windowsphone\debug\btboxboxcollisionalgorithm.obj
d:\visual studio 2013\flash zip rar 01.июл.2015 12-04-25\directxapp\angryclone\bullet\!vsprojects\bulletcollision\bulletcollision.windowsphone\debug\btboxboxdetector.obj
d:\visual studio 2013\flash zip rar 01.июл.2015 12-04-25\directxapp\angryclone\bullet\!vsprojects\bulletcollision\bulletcollision.windowsphone\debug\btboxshape.obj
d:\visual studio 2013\flash zip rar 01.июл.2015 12-04-25\directxapp\angryclone\bullet\!vsprojects\bulletcollision\bulletcollision.windowsphone\debug\btbroadphaseproxy.obj
d:\visual studio 2013\flash zip rar 01.июл.2015 12-04-25\directxapp\angryclone\bullet\!vsprojects\bulletcollision\bulletcollision.windowsphone\debug\btbvhtrianglemeshshape.obj
d:\visual studio 2013\flash zip rar 01.июл.2015 12-04-25\directxapp\angryclone\bullet\!vsprojects\bulletcollision\bulletcollision.windowsphone\debug\btcapsuleshape.obj
d:\visual studio 2013\flash zip rar 01.июл.2015 12-04-25\directxapp\angryclone\bullet\!vsprojects\bulletcollision\bulletcollision.windowsphone\debug\btcollisionalgorithm.obj
d:\visual studio 2013\flash zip rar 01.июл.2015 12-04-25\directxapp\angryclone\bullet\!vsprojects\bulletcollision\bulletcollision.windowsphone\debug\btcollisiondispatcher.obj
d:\visual studio 2013\flash zip rar 01.июл.2015 12-04-25\directxapp\angryclone\bullet\!vsprojects\bulletcollision\bulletcollision.windowsphone\debug\btcollisionobject.obj
d:\visual studio 2013\flash zip rar 01.июл.2015 12-04-25\directxapp\angryclone\bullet\!vsprojects\bulletcollision\bulletcollision.windowsphone\debug\btcollisionshape.obj
d:\visual studio 2013\flash zip rar 01.июл.2015 12-04-25\directxapp\angryclone\bullet\!vsprojects\bulletcollision\bulletcollision.windowsphone\debug\btcollisionworld.obj
d:\visual studio 2013\flash zip rar 01.июл.2015 12-04-25\directxapp\angryclone\bullet\!vsprojects\bulletcollision\bulletcollision.windowsphone\debug\btcollisionworldimporter.obj
d:\visual studio 2013\flash zip rar 01.июл.2015 12-04-25\directxapp\angryclone\bullet\!vsprojects\bulletcollision\bulletcollision.windowsphone\debug\btcompoundcollisionalgorithm.obj
d:\visual studio 2013\flash zip rar 01.июл.2015 12-04-25\directxapp\angryclone\bullet\!vsprojects\bulletcollision\bulletcollision.windowsphone\debug\btcompoundcompoundcollisionalgorithm.obj
d:\visual studio 2013\flash zip rar 01.июл.2015 12-04-25\directxapp\angryclone\bullet\!vsprojects\bulletcollision\bulletcollision.windowsphone\debug\btcompoundshape.obj
d:\visual studio 2013\flash zip rar 01.июл.2015 12-04-25\directxapp\angryclone\bullet\!vsprojects\bulletcollision\bulletcollision.windowsphone\debug\btconcaveshape.obj
d:\visual studio 2013\flash zip rar 01.июл.2015 12-04-25\directxapp\angryclone\bullet\!vsprojects\bulletcollision\bulletcollision.windowsphone\debug\btconeshape.obj
d:\visual studio 2013\flash zip rar 01.июл.2015 12-04-25\directxapp\angryclone\bullet\!vsprojects\bulletcollision\bulletcollision.windowsphone\debug\btcontactprocessing.obj
d:\visual studio 2013\flash zip rar 01.июл.2015 12-04-25\directxapp\angryclone\bullet\!vsprojects\bulletcollision\bulletcollision.windowsphone\debug\btcontinuousconvexcollision.obj
d:\visual studio 2013\flash zip rar 01.июл.2015 12-04-25\directxapp\angryclone\bullet\!vsprojects\bulletcollision\bulletcollision.windowsphone\debug\btconvex2dconvex2dalgorithm.obj
d:\visual studio 2013\flash zip rar 01.июл.2015 12-04-25\directxapp\angryclone\bullet\!vsprojects\bulletcollision\bulletcollision.windowsphone\debug\btconvex2dshape.obj
d:\visual studio 2013\flash zip rar 01.июл.2015 12-04-25\directxapp\angryclone\bullet\!vsprojects\bulletcollision\bulletcollision.windowsphone\debug\btconvexcast.obj
d:\visual studio 2013\flash zip rar 01.июл.2015 12-04-25\directxapp\angryclone\bullet\!vsprojects\bulletcollision\bulletcollision.windowsphone\debug\btconvexconcavecollisionalgorithm.obj
d:\visual studio 2013\flash zip rar 01.июл.2015 12-04-25\directxapp\angryclone\bullet\!vsprojects\bulletcollision\bulletcollision.windowsphone\debug\btconvexconvexalgorithm.obj
d:\visual studio 2013\flash zip rar 01.июл.2015 12-04-25\directxapp\angryclone\bullet\!vsprojects\bulletcollision\bulletcollision.windowsphone\debug\btconvexhullshape.obj
d:\visual studio 2013\flash zip rar 01.июл.2015 12-04-25\directxapp\angryclone\bullet\!vsprojects\bulletcollision\bulletcollision.windowsphone\debug\btconvexinternalshape.obj
d:\visual studio 2013\flash zip rar 01.июл.2015 12-04-25\directxapp\angryclone\bullet\!vsprojects\bulletcollision\bulletcollision.windowsphone\debug\btconvexplanecollisionalgorithm.obj
d:\visual studio 2013\flash zip rar 01.июл.2015 12-04-25\directxapp\angryclone\bullet\!vsprojects\bulletcollision\bulletcollision.windowsphone\debug\btconvexpointcloudshape.obj
d:\visual studio 2013\flash zip rar 01.июл.2015 12-04-25\directxapp\angryclone\bullet\!vsprojects\bulletcollision\bulletcollision.windowsphone\debug\btconvexpolyhedron.obj
d:\visual studio 2013\flash zip rar 01.июл.2015 12-04-25\directxapp\angryclone\bullet\!vsprojects\bulletcollision\bulletcollision.windowsphone\debug\btconvexshape.obj
d:\visual studio 2013\flash zip rar 01.июл.2015 12-04-25\directxapp\angryclone\bullet\!vsprojects\bulletcollision\bulletcollision.windowsphone\debug\btconvextrianglemeshshape.obj
d:\visual studio 2013\flash zip rar 01.июл.2015 12-04-25\directxapp\angryclone\bullet\!vsprojects\bulletcollision\bulletcollision.windowsphone\debug\btcylindershape.obj
d:\visual studio 2013\flash zip rar 01.июл.2015 12-04-25\directxapp\angryclone\bullet\!vsprojects\bulletcollision\bulletcollision.windowsphone\debug\btdbvt.obj
d:\visual studio 2013\flash zip rar 01.июл.2015 12-04-25\directxapp\angryclone\bullet\!vsprojects\bulletcollision\bulletcollision.windowsphone\debug\btdbvtbroadphase.obj
d:\visual studio 2013\flash zip rar 01.июл.2015 12-04-25\directxapp\angryclone\bullet\!vsprojects\bulletcollision\bulletcollision.windowsphone\debug\btdefaultcollisionconfiguration.obj
d:\visual studio 2013\flash zip rar 01.июл.2015 12-04-25\directxapp\angryclone\bullet\!vsprojects\bulletcollision\bulletcollision.windowsphone\debug\btdispatcher.obj
d:\visual studio 2013\flash zip rar 01.июл.2015 12-04-25\directxapp\angryclone\bullet\!vsprojects\bulletcollision\bulletcollision.windowsphone\debug\btemptycollisionalgorithm.obj
d:\visual studio 2013\flash zip rar 01.июл.2015 12-04-25\directxapp\angryclone\bullet\!vsprojects\bulletcollision\bulletcollision.windowsphone\debug\btemptyshape.obj
d:\visual studio 2013\flash zip rar 01.июл.2015 12-04-25\directxapp\angryclone\bullet\!vsprojects\bulletcollision\bulletcollision.windowsphone\debug\btgenericpoolallocator.obj
d:\visual studio 2013\flash zip rar 01.июл.2015 12-04-25\directxapp\angryclone\bullet\!vsprojects\bulletcollision\bulletcollision.windowsphone\debug\btghostobject.obj
d:\visual studio 2013\flash zip rar 01.июл.2015 12-04-25\directxapp\angryclone\bullet\!vsprojects\bulletcollision\bulletcollision.windowsphone\debug\btgimpactbvh.obj
d:\visual studio 2013\flash zip rar 01.июл.2015 12-04-25\directxapp\angryclone\bullet\!vsprojects\bulletcollision\bulletcollision.windowsphone\debug\btgimpactcollisionalgorithm.obj
d:\visual studio 2013\flash zip rar 01.июл.2015 12-04-25\directxapp\angryclone\bullet\!vsprojects\bulletcollision\bulletcollision.windowsphone\debug\btgimpactquantizedbvh.obj
d:\visual studio 2013\flash zip rar 01.июл.2015 12-04-25\directxapp\angryclone\bullet\!vsprojects\bulletcollision\bulletcollision.windowsphone\debug\btgimpactshape.obj
d:\visual studio 2013\flash zip rar 01.июл.2015 12-04-25\directxapp\angryclone\bullet\!vsprojects\bulletcollision\bulletcollision.windowsphone\debug\btgjkconvexcast.obj
d:\visual studio 2013\flash zip rar 01.июл.2015 12-04-25\directxapp\angryclone\bullet\!vsprojects\bulletcollision\bulletcollision.windowsphone\debug\btgjkepa2.obj
d:\visual studio 2013\flash zip rar 01.июл.2015 12-04-25\directxapp\angryclone\bullet\!vsprojects\bulletcollision\bulletcollision.windowsphone\debug\btgjkepapenetrationdepthsolver.obj
d:\visual studio 2013\flash zip rar 01.июл.2015 12-04-25\directxapp\angryclone\bullet\!vsprojects\bulletcollision\bulletcollision.windowsphone\debug\btgjkpairdetector.obj
d:\visual studio 2013\flash zip rar 01.июл.2015 12-04-25\directxapp\angryclone\bullet\!vsprojects\bulletcollision\bulletcollision.windowsphone\debug\bthashedsimplepaircache.obj
d:\visual studio 2013\flash zip rar 01.июл.2015 12-04-25\directxapp\angryclone\bullet\!vsprojects\bulletcollision\bulletcollision.windowsphone\debug\btheightfieldterrainshape.obj
d:\visual studio 2013\flash zip rar 01.июл.2015 12-04-25\directxapp\angryclone\bullet\!vsprojects\bulletcollision\bulletcollision.windowsphone\debug\btinternaledgeutility.obj
d:\visual studio 2013\flash zip rar 01.июл.2015 12-04-25\directxapp\angryclone\bullet\!vsprojects\bulletcollision\bulletcollision.windowsphone\debug\btmanifoldresult.obj
d:\visual studio 2013\flash zip rar 01.июл.2015 12-04-25\directxapp\angryclone\bullet\!vsprojects\bulletcollision\bulletcollision.windowsphone\debug\btminkowskipenetrationdepthsolver.obj
d:\visual studio 2013\flash zip rar 01.июл.2015 12-04-25\directxapp\angryclone\bullet\!vsprojects\bulletcollision\bulletcollision.windowsphone\debug\btminkowskisumshape.obj
d:\visual studio 2013\flash zip rar 01.июл.2015 12-04-25\directxapp\angryclone\bullet\!vsprojects\bulletcollision\bulletcollision.windowsphone\debug\btmultimaterialtrianglemeshshape.obj
d:\visual studio 2013\flash zip rar 01.июл.2015 12-04-25\directxapp\angryclone\bullet\!vsprojects\bulletcollision\bulletcollision.windowsphone\debug\btmultisapbroadphase.obj
d:\visual studio 2013\flash zip rar 01.июл.2015 12-04-25\directxapp\angryclone\bullet\!vsprojects\bulletcollision\bulletcollision.windowsphone\debug\btmultisphereshape.obj
d:\visual studio 2013\flash zip rar 01.июл.2015 12-04-25\directxapp\angryclone\bullet\!vsprojects\bulletcollision\bulletcollision.windowsphone\debug\btoptimizedbvh.obj
d:\visual studio 2013\flash zip rar 01.июл.2015 12-04-25\directxapp\angryclone\bullet\!vsprojects\bulletcollision\bulletcollision.windowsphone\debug\btoverlappingpaircache.obj
d:\visual studio 2013\flash zip rar 01.июл.2015 12-04-25\directxapp\angryclone\bullet\!vsprojects\bulletcollision\bulletcollision.windowsphone\debug\btpersistentmanifold.obj
d:\visual studio 2013\flash zip rar 01.июл.2015 12-04-25\directxapp\angryclone\bullet\!vsprojects\bulletcollision\bulletcollision.windowsphone\debug\btpolyhedralcontactclipping.obj
d:\visual studio 2013\flash zip rar 01.июл.2015 12-04-25\directxapp\angryclone\bullet\!vsprojects\bulletcollision\bulletcollision.windowsphone\debug\btpolyhedralconvexshape.obj
d:\visual studio 2013\flash zip rar 01.июл.2015 12-04-25\directxapp\angryclone\bullet\!vsprojects\bulletcollision\bulletcollision.windowsphone\debug\btquantizedbvh.obj
d:\visual studio 2013\flash zip rar 01.июл.2015 12-04-25\directxapp\angryclone\bullet\!vsprojects\bulletcollision\bulletcollision.windowsphone\debug\btraycastcallback.obj
d:\visual studio 2013\flash zip rar 01.июл.2015 12-04-25\directxapp\angryclone\bullet\!vsprojects\bulletcollision\bulletcollision.windowsphone\debug\btscaledbvhtrianglemeshshape.obj
d:\visual studio 2013\flash zip rar 01.июл.2015 12-04-25\directxapp\angryclone\bullet\!vsprojects\bulletcollision\bulletcollision.windowsphone\debug\btshapehull.obj
d:\visual studio 2013\flash zip rar 01.июл.2015 12-04-25\directxapp\angryclone\bullet\!vsprojects\bulletcollision\bulletcollision.windowsphone\debug\btsimplebroadphase.obj
d:\visual studio 2013\flash zip rar 01.июл.2015 12-04-25\directxapp\angryclone\bullet\!vsprojects\bulletcollision\bulletcollision.windowsphone\debug\btsimulationislandmanager.obj
d:\visual studio 2013\flash zip rar 01.июл.2015 12-04-25\directxapp\angryclone\bullet\!vsprojects\bulletcollision\bulletcollision.windowsphone\debug\btsphereboxcollisionalgorithm.obj
d:\visual studio 2013\flash zip rar 01.июл.2015 12-04-25\directxapp\angryclone\bullet\!vsprojects\bulletcollision\bulletcollision.windowsphone\debug\btsphereshape.obj
d:\visual studio 2013\flash zip rar 01.июл.2015 12-04-25\directxapp\angryclone\bullet\!vsprojects\bulletcollision\bulletcollision.windowsphone\debug\btspherespherecollisionalgorithm.obj
d:\visual studio 2013\flash zip rar 01.июл.2015 12-04-25\directxapp\angryclone\bullet\!vsprojects\bulletcollision\bulletcollision.windowsphone\debug\btspheretrianglecollisionalgorithm.obj
d:\visual studio 2013\flash zip rar 01.июл.2015 12-04-25\directxapp\angryclone\bullet\!vsprojects\bulletcollision\bulletcollision.windowsphone\debug\btstaticplaneshape.obj
d:\visual studio 2013\flash zip rar 01.июл.2015 12-04-25\directxapp\angryclone\bullet\!vsprojects\bulletcollision\bulletcollision.windowsphone\debug\btstridingmeshinterface.obj
d:\visual studio 2013\flash zip rar 01.июл.2015 12-04-25\directxapp\angryclone\bullet\!vsprojects\bulletcollision\bulletcollision.windowsphone\debug\btsubsimplexconvexcast.obj
d:\visual studio 2013\flash zip rar 01.июл.2015 12-04-25\directxapp\angryclone\bullet\!vsprojects\bulletcollision\bulletcollision.windowsphone\debug\bttetrahedronshape.obj
d:\visual studio 2013\flash zip rar 01.июл.2015 12-04-25\directxapp\angryclone\bullet\!vsprojects\bulletcollision\bulletcollision.windowsphone\debug\bttrianglebuffer.obj
d:\visual studio 2013\flash zip rar 01.июл.2015 12-04-25\directxapp\angryclone\bullet\!vsprojects\bulletcollision\bulletcollision.windowsphone\debug\bttrianglecallback.obj
d:\visual studio 2013\flash zip rar 01.июл.2015 12-04-25\directxapp\angryclone\bullet\!vsprojects\bulletcollision\bulletcollision.windowsphone\debug\bttriangleindexvertexarray.obj
d:\visual studio 2013\flash zip rar 01.июл.2015 12-04-25\directxapp\angryclone\bullet\!vsprojects\bulletcollision\bulletcollision.windowsphone\debug\bttriangleindexvertexmaterialarray.obj
d:\visual studio 2013\flash zip rar 01.июл.2015 12-04-25\directxapp\angryclone\bullet\!vsprojects\bulletcollision\bulletcollision.windowsphone\debug\bttrianglemesh.obj
d:\visual studio 2013\flash zip rar 01.июл.2015 12-04-25\directxapp\angryclone\bullet\!vsprojects\bulletcollision\bulletcollision.windowsphone\debug\bttrianglemeshshape.obj
d:\visual studio 2013\flash zip rar 01.июл.2015 12-04-25\directxapp\angryclone\bullet\!vsprojects\bulletcollision\bulletcollision.windowsphone\debug\bttriangleshapeex.obj
d:\visual studio 2013\flash zip rar 01.июл.2015 12-04-25\directxapp\angryclone\bullet\!vsprojects\bulletcollision\bulletcollision.windowsphone\debug\btuniformscalingshape.obj
d:\visual studio 2013\flash zip rar 01.июл.2015 12-04-25\directxapp\angryclone\bullet\!vsprojects\bulletcollision\bulletcollision.windowsphone\debug\btunionfind.obj
d:\visual studio 2013\flash zip rar 01.июл.2015 12-04-25\directxapp\angryclone\bullet\!vsprojects\bulletcollision\bulletcollision.windowsphone\debug\btvoronoisimplexsolver.obj
d:\visual studio 2013\flash zip rar 01.июл.2015 12-04-25\directxapp\angryclone\bullet\!vsprojects\bulletcollision\bulletcollision.windowsphone\debug\gim_box_set.obj
d:\visual studio 2013\flash zip rar 01.июл.2015 12-04-25\directxapp\angryclone\bullet\!vsprojects\bulletcollision\bulletcollision.windowsphone\debug\gim_contact.obj
d:\visual studio 2013\flash zip rar 01.июл.2015 12-04-25\directxapp\angryclone\bullet\!vsprojects\bulletcollision\bulletcollision.windowsphone\debug\gim_memory.obj
d:\visual studio 2013\flash zip rar 01.июл.2015 12-04-25\directxapp\angryclone\bullet\!vsprojects\bulletcollision\bulletcollision.windowsphone\debug\gim_tri_collision.obj
d:\visual studio 2013\flash zip rar 01.июл.2015 12-04-25\directxapp\angryclone\bullet\!vsprojects\bulletcollision\bulletcollision.windowsphone\debug\spheretriangledetector.obj
d:\visual studio 2013\flash zip rar 01.июл.2015 12-04-25\directxapp\angryclone\bullet\!vsprojects\bulletcollision\bulletcollision.windowsphone\debug\vc120.idb
d:\visual studio 2013\flash zip rar 01.июл.2015 12-04-25\directxapp\angryclone\bullet\!vsprojects\bulletcollision\bulletcollision.windowsphone\debug\vc120.pdb
d:\visual studio 2013\flash zip rar 01.июл.2015 12-04-25\directxapp\angryclone\bullet\!vsprojects\bulletcollision\bulletcollision.windowsphone\debug\priconfig.xml
d:\visual studio 2013\flash zip rar 01.июл.2015 12-04-25\directxapp\angryclone\debug\bulletcollision.windowsphone\bulletcollision.windowsphone.lib
d:\visual studio 2013\flash zip rar 01.июл.2015 12-04-25\directxapp\angryclone\bullet\!vsprojects\bulletcollision\bulletcollision.windowsphone\debug\bulletco.3aacbd76.tlog\bulletcollision.windowsphone.read.1u.tlog
d:\visual studio 2013\flash zip rar 01.июл.2015 12-04-25\directxapp\angryclone\bullet\!vsprojects\bulletcollision\bulletcollision.windowsphone\debug\bulletco.3aacbd76.tlog\bulletcollision.windowsphone.write.1u.tlog
d:\visual studio 2013\flash zip rar 01.июл.2015 12-04-25\directxapp\angryclone\bullet\!vsprojects\bulletcollision\bulletcollision.windowsphone\debug\bulletco.3aacbd76.tlog\cl.command.1.tlog
d:\visual studio 2013\flash zip rar 01.июл.2015 12-04-25\directxapp\angryclone\bullet\!vsprojects\bulletcollision\bulletcollision.windowsphone\debug\bulletco.3aacbd76.tlog\cl.read.1.tlog
d:\visual studio 2013\flash zip rar 01.июл.2015 12-04-25\directxapp\angryclone\bullet\!vsprojects\bulletcollision\bulletcollision.windowsphone\debug\bulletco.3aacbd76.tlog\cl.write.1.tlog
d:\visual studio 2013\flash zip rar 01.июл.2015 12-04-25\directxapp\angryclone\bullet\!vsprojects\bulletcollision\bulletcollision.windowsphone\debug\bulletco.3aacbd76.tlog\lib-link.read.1.tlog
d:\visual studio 2013\flash zip rar 01.июл.2015 12-04-25\directxapp\angryclone\bullet\!vsprojects\bulletcollision\bulletcollision.windowsphone\debug\bulletco.3aacbd76.tlog\lib-link.write.1.tlog
d:\visual studio 2013\flash zip rar 01.июл.2015 12-04-25\directxapp\angryclone\bullet\!vsprojects\bulletcollision\bulletcollision.windowsphone\debug\bulletco.3aacbd76.tlog\lib.command.1.tlog
