d:\visual studio 2013\flash zip rar 01.июл.2015 12-04-25\directxapp\angryclone\bullet\!vsprojects\bulletdynamics\bulletdynamics.windows\debug\priconfig.xml
d:\visual studio 2013\flash zip rar 01.июл.2015 12-04-25\directxapp\angryclone\bullet\!vsprojects\bulletdynamics\bulletdynamics.windows\debug\priconfig.xml.intermediate
d:\visual studio 2013\flash zip rar 01.июл.2015 12-04-25\directxapp\angryclone\bullet\!vsprojects\bulletdynamics\bulletdynamics.windows\debug\layout.resfiles
d:\visual studio 2013\flash zip rar 01.июл.2015 12-04-25\directxapp\angryclone\bullet\!vsprojects\bulletdynamics\bulletdynamics.windows\debug\layout.resfiles.intermediate
d:\visual studio 2013\flash zip rar 01.июл.2015 12-04-25\directxapp\angryclone\bullet\!vsprojects\bulletdynamics\bulletdynamics.windows\debug\resources.resfiles
d:\visual studio 2013\flash zip rar 01.июл.2015 12-04-25\directxapp\angryclone\bullet\!vsprojects\bulletdynamics\bulletdynamics.windows\debug\resources.resfiles.intermediate
d:\visual studio 2013\flash zip rar 01.июл.2015 12-04-25\directxapp\angryclone\bullet\!vsprojects\bulletdynamics\bulletdynamics.windows\debug\pri.resfiles
d:\visual studio 2013\flash zip rar 01.июл.2015 12-04-25\directxapp\angryclone\bullet\!vsprojects\bulletdynamics\bulletdynamics.windows\debug\pri.resfiles.intermediate
d:\visual studio 2013\flash zip rar 01.июл.2015 12-04-25\directxapp\angryclone\debug\bulletdynamics.windows\bulletdynamics.pri
d:\visual studio 2013\flash zip rar 01.июл.2015 12-04-25\directxapp\angryclone\bullet\!vsprojects\bulletdynamics\bulletdynamics.windows\debug\qualifiers.txt
d:\visual studio 2013\flash zip rar 01.июл.2015 12-04-25\directxapp\angryclone\bullet\!vsprojects\bulletdynamics\bulletdynamics.windows\debug\qualifiers.txt.intermediate
d:\visual studio 2013\flash zip rar 01.июл.2015 12-04-25\directxapp\angryclone\bullet\!vsprojects\bulletdynamics\bulletdynamics.windows\debug\multiplequalifiersperdimensionfound.txt
d:\visual studio 2013\flash zip rar 01.июл.2015 12-04-25\directxapp\angryclone\bullet\!vsprojects\bulletdynamics\bulletdynamics.windows\debug\btconetwistconstraint.obj
d:\visual studio 2013\flash zip rar 01.июл.2015 12-04-25\directxapp\angryclone\bullet\!vsprojects\bulletdynamics\bulletdynamics.windows\debug\btgeneric6dofspring2constraint.obj
d:\visual studio 2013\flash zip rar 01.июл.2015 12-04-25\directxapp\angryclone\bullet\!vsprojects\bulletdynamics\bulletdynamics.windows\debug\btnncgconstraintsolver.obj
d:\visual studio 2013\flash zip rar 01.июл.2015 12-04-25\directxapp\angryclone\bullet\!vsprojects\bulletdynamics\bulletdynamics.windows\debug\btsolve2linearconstraint.obj
d:\visual studio 2013\flash zip rar 01.июл.2015 12-04-25\directxapp\angryclone\bullet\!vsprojects\bulletdynamics\bulletdynamics.windows\debug\bttypedconstraint.obj
d:\visual studio 2013\flash zip rar 01.июл.2015 12-04-25\directxapp\angryclone\bullet\!vsprojects\bulletdynamics\bulletdynamics.windows\debug\btmultibody.obj
d:\visual studio 2013\flash zip rar 01.июл.2015 12-04-25\directxapp\angryclone\bullet\!vsprojects\bulletdynamics\bulletdynamics.windows\debug\btmultibodyjointlimitconstraint.obj
d:\visual studio 2013\flash zip rar 01.июл.2015 12-04-25\directxapp\angryclone\bullet\!vsprojects\bulletdynamics\bulletdynamics.windows\debug\btmultibodypoint2point.obj
d:\visual studio 2013\flash zip rar 01.июл.2015 12-04-25\directxapp\angryclone\bullet\!vsprojects\bulletdynamics\bulletdynamics.windows\debug\btraycastvehicle.obj
d:\visual studio 2013\flash zip rar 01.июл.2015 12-04-25\directxapp\angryclone\bullet\!vsprojects\bulletdynamics\bulletdynamics.windows\debug\btcontactconstraint.obj
d:\visual studio 2013\flash zip rar 01.июл.2015 12-04-25\directxapp\angryclone\bullet\!vsprojects\bulletdynamics\bulletdynamics.windows\debug\btgearconstraint.obj
d:\visual studio 2013\flash zip rar 01.июл.2015 12-04-25\directxapp\angryclone\bullet\!vsprojects\bulletdynamics\bulletdynamics.windows\debug\bthinge2constraint.obj
d:\visual studio 2013\flash zip rar 01.июл.2015 12-04-25\directxapp\angryclone\bullet\!vsprojects\bulletdynamics\bulletdynamics.windows\debug\btsequentialimpulseconstraintsolver.obj
d:\visual studio 2013\flash zip rar 01.июл.2015 12-04-25\directxapp\angryclone\bullet\!vsprojects\bulletdynamics\bulletdynamics.windows\debug\btrigidbody.obj
d:\visual studio 2013\flash zip rar 01.июл.2015 12-04-25\directxapp\angryclone\bullet\!vsprojects\bulletdynamics\bulletdynamics.windows\debug\btmultibodyconstraint.obj
d:\visual studio 2013\flash zip rar 01.июл.2015 12-04-25\directxapp\angryclone\bullet\!vsprojects\bulletdynamics\bulletdynamics.windows\debug\btmultibodydynamicsworld.obj
d:\visual studio 2013\flash zip rar 01.июл.2015 12-04-25\directxapp\angryclone\bullet\!vsprojects\bulletdynamics\bulletdynamics.windows\debug\btmlcpsolver.obj
d:\visual studio 2013\flash zip rar 01.июл.2015 12-04-25\directxapp\angryclone\bullet\!vsprojects\bulletdynamics\bulletdynamics.windows\debug\btfixedconstraint.obj
d:\visual studio 2013\flash zip rar 01.июл.2015 12-04-25\directxapp\angryclone\bullet\!vsprojects\bulletdynamics\bulletdynamics.windows\debug\btgeneric6dofconstraint.obj
d:\visual studio 2013\flash zip rar 01.июл.2015 12-04-25\directxapp\angryclone\bullet\!vsprojects\bulletdynamics\bulletdynamics.windows\debug\bthingeconstraint.obj
d:\visual studio 2013\flash zip rar 01.июл.2015 12-04-25\directxapp\angryclone\bullet\!vsprojects\bulletdynamics\bulletdynamics.windows\debug\btsliderconstraint.obj
d:\visual studio 2013\flash zip rar 01.июл.2015 12-04-25\directxapp\angryclone\bullet\!vsprojects\bulletdynamics\bulletdynamics.windows\debug\btdiscretedynamicsworld.obj
d:\visual studio 2013\flash zip rar 01.июл.2015 12-04-25\directxapp\angryclone\bullet\!vsprojects\bulletdynamics\bulletdynamics.windows\debug\btmultibodyjointmotor.obj
d:\visual studio 2013\flash zip rar 01.июл.2015 12-04-25\directxapp\angryclone\bullet\!vsprojects\bulletdynamics\bulletdynamics.windows\debug\btdantziglcp.obj
d:\visual studio 2013\flash zip rar 01.июл.2015 12-04-25\directxapp\angryclone\bullet\!vsprojects\bulletdynamics\bulletdynamics.windows\debug\btwheelinfo.obj
d:\visual studio 2013\flash zip rar 01.июл.2015 12-04-25\directxapp\angryclone\bullet\!vsprojects\bulletdynamics\bulletdynamics.windows\debug\btkinematiccharactercontroller.obj
d:\visual studio 2013\flash zip rar 01.июл.2015 12-04-25\directxapp\angryclone\bullet\!vsprojects\bulletdynamics\bulletdynamics.windows\debug\btgeneric6dofspringconstraint.obj
d:\visual studio 2013\flash zip rar 01.июл.2015 12-04-25\directxapp\angryclone\bullet\!vsprojects\bulletdynamics\bulletdynamics.windows\debug\btpoint2pointconstraint.obj
d:\visual studio 2013\flash zip rar 01.июл.2015 12-04-25\directxapp\angryclone\bullet\!vsprojects\bulletdynamics\bulletdynamics.windows\debug\btuniversalconstraint.obj
d:\visual studio 2013\flash zip rar 01.июл.2015 12-04-25\directxapp\angryclone\bullet\!vsprojects\bulletdynamics\bulletdynamics.windows\debug\btsimpledynamicsworld.obj
d:\visual studio 2013\flash zip rar 01.июл.2015 12-04-25\directxapp\angryclone\bullet\!vsprojects\bulletdynamics\bulletdynamics.windows\debug\btmultibodyconstraintsolver.obj
d:\visual studio 2013\flash zip rar 01.июл.2015 12-04-25\directxapp\angryclone\bullet\!vsprojects\bulletdynamics\bulletdynamics.windows\debug\btlemkealgorithm.obj
d:\visual studio 2013\flash zip rar 01.июл.2015 12-04-25\directxapp\angryclone\bullet\!vsprojects\bulletdynamics\bulletdynamics.windows\debug\vc120.pdb
d:\visual studio 2013\flash zip rar 01.июл.2015 12-04-25\directxapp\angryclone\debug\bulletdynamics.windows\bulletdynamics.windows.lib
d:\visual studio 2013\flash zip rar 01.июл.2015 12-04-25\directxapp\angryclone\bullet\!vsprojects\bulletdynamics\bulletdynamics.windows\debug\vc120.idb
d:\visual studio 2013\flash zip rar 01.июл.2015 12-04-25\directxapp\angryclone\bullet\!vsprojects\bulletdynamics\bulletdynamics.windows\debug\bulletdy.2c13b0fa.tlog\bulletdynamics.windows.read.1u.tlog
d:\visual studio 2013\flash zip rar 01.июл.2015 12-04-25\directxapp\angryclone\bullet\!vsprojects\bulletdynamics\bulletdynamics.windows\debug\bulletdy.2c13b0fa.tlog\bulletdynamics.windows.write.1u.tlog
d:\visual studio 2013\flash zip rar 01.июл.2015 12-04-25\directxapp\angryclone\bullet\!vsprojects\bulletdynamics\bulletdynamics.windows\debug\bulletdy.2c13b0fa.tlog\cl.command.1.tlog
d:\visual studio 2013\flash zip rar 01.июл.2015 12-04-25\directxapp\angryclone\bullet\!vsprojects\bulletdynamics\bulletdynamics.windows\debug\bulletdy.2c13b0fa.tlog\cl.read.1.tlog
d:\visual studio 2013\flash zip rar 01.июл.2015 12-04-25\directxapp\angryclone\bullet\!vsprojects\bulletdynamics\bulletdynamics.windows\debug\bulletdy.2c13b0fa.tlog\cl.write.1.tlog
d:\visual studio 2013\flash zip rar 01.июл.2015 12-04-25\directxapp\angryclone\bullet\!vsprojects\bulletdynamics\bulletdynamics.windows\debug\bulletdy.2c13b0fa.tlog\lib-link.read.1.tlog
d:\visual studio 2013\flash zip rar 01.июл.2015 12-04-25\directxapp\angryclone\bullet\!vsprojects\bulletdynamics\bulletdynamics.windows\debug\bulletdy.2c13b0fa.tlog\lib-link.write.1.tlog
d:\visual studio 2013\flash zip rar 01.июл.2015 12-04-25\directxapp\angryclone\bullet\!vsprojects\bulletdynamics\bulletdynamics.windows\debug\bulletdy.2c13b0fa.tlog\lib.command.1.tlog
