d:\visual studio 2013\flash zip rar 01.июл.2015 12-04-25\directxapp\angryclone\bullet\!vsprojects\bulletcollision\bulletcollision.windows\debug\priconfig.xml
d:\visual studio 2013\flash zip rar 01.июл.2015 12-04-25\directxapp\angryclone\bullet\!vsprojects\bulletcollision\bulletcollision.windows\debug\priconfig.xml.intermediate
d:\visual studio 2013\flash zip rar 01.июл.2015 12-04-25\directxapp\angryclone\bullet\!vsprojects\bulletcollision\bulletcollision.windows\debug\layout.resfiles
d:\visual studio 2013\flash zip rar 01.июл.2015 12-04-25\directxapp\angryclone\bullet\!vsprojects\bulletcollision\bulletcollision.windows\debug\layout.resfiles.intermediate
d:\visual studio 2013\flash zip rar 01.июл.2015 12-04-25\directxapp\angryclone\bullet\!vsprojects\bulletcollision\bulletcollision.windows\debug\resources.resfiles
d:\visual studio 2013\flash zip rar 01.июл.2015 12-04-25\directxapp\angryclone\bullet\!vsprojects\bulletcollision\bulletcollision.windows\debug\resources.resfiles.intermediate
d:\visual studio 2013\flash zip rar 01.июл.2015 12-04-25\directxapp\angryclone\bullet\!vsprojects\bulletcollision\bulletcollision.windows\debug\pri.resfiles
d:\visual studio 2013\flash zip rar 01.июл.2015 12-04-25\directxapp\angryclone\bullet\!vsprojects\bulletcollision\bulletcollision.windows\debug\pri.resfiles.intermediate
d:\visual studio 2013\flash zip rar 01.июл.2015 12-04-25\directxapp\angryclone\debug\bulletcollision.windows\bulletcollision.pri
d:\visual studio 2013\flash zip rar 01.июл.2015 12-04-25\directxapp\angryclone\bullet\!vsprojects\bulletcollision\bulletcollision.windows\debug\qualifiers.txt
d:\visual studio 2013\flash zip rar 01.июл.2015 12-04-25\directxapp\angryclone\bullet\!vsprojects\bulletcollision\bulletcollision.windows\debug\qualifiers.txt.intermediate
d:\visual studio 2013\flash zip rar 01.июл.2015 12-04-25\directxapp\angryclone\bullet\!vsprojects\bulletcollision\bulletcollision.windows\debug\multiplequalifiersperdimensionfound.txt
d:\visual studio 2013\flash zip rar 01.июл.2015 12-04-25\directxapp\angryclone\bullet\!vsprojects\bulletcollision\bulletcollision.windows\debug\btcollisionalgorithm.obj
d:\visual studio 2013\flash zip rar 01.июл.2015 12-04-25\directxapp\angryclone\bullet\!vsprojects\bulletcollision\bulletcollision.windows\debug\btdispatcher.obj
d:\visual studio 2013\flash zip rar 01.июл.2015 12-04-25\directxapp\angryclone\bullet\!vsprojects\bulletcollision\bulletcollision.windows\debug\btmultisapbroadphase.obj
d:\visual studio 2013\flash zip rar 01.июл.2015 12-04-25\directxapp\angryclone\bullet\!vsprojects\bulletcollision\bulletcollision.windows\debug\btbox2dbox2dcollisionalgorithm.obj
d:\visual studio 2013\flash zip rar 01.июл.2015 12-04-25\directxapp\angryclone\bullet\!vsprojects\bulletcollision\bulletcollision.windows\debug\btcollisionobject.obj
d:\visual studio 2013\flash zip rar 01.июл.2015 12-04-25\directxapp\angryclone\bullet\!vsprojects\bulletcollision\bulletcollision.windows\debug\btcompoundcompoundcollisionalgorithm.obj
d:\visual studio 2013\flash zip rar 01.июл.2015 12-04-25\directxapp\angryclone\bullet\!vsprojects\bulletcollision\bulletcollision.windows\debug\btconvexconcavecollisionalgorithm.obj
d:\visual studio 2013\flash zip rar 01.июл.2015 12-04-25\directxapp\angryclone\bullet\!vsprojects\bulletcollision\bulletcollision.windows\debug\btconvexconvexalgorithm.obj
d:\visual studio 2013\flash zip rar 01.июл.2015 12-04-25\directxapp\angryclone\bullet\!vsprojects\bulletcollision\bulletcollision.windows\debug\btghostobject.obj
d:\visual studio 2013\flash zip rar 01.июл.2015 12-04-25\directxapp\angryclone\bullet\!vsprojects\bulletcollision\bulletcollision.windows\debug\btsphereboxcollisionalgorithm.obj
d:\visual studio 2013\flash zip rar 01.июл.2015 12-04-25\directxapp\angryclone\bullet\!vsprojects\bulletcollision\bulletcollision.windows\debug\btunionfind.obj
d:\visual studio 2013\flash zip rar 01.июл.2015 12-04-25\directxapp\angryclone\bullet\!vsprojects\bulletcollision\bulletcollision.windows\debug\btboxshape.obj
d:\visual studio 2013\flash zip rar 01.июл.2015 12-04-25\directxapp\angryclone\bullet\!vsprojects\bulletcollision\bulletcollision.windows\debug\btconcaveshape.obj
d:\visual studio 2013\flash zip rar 01.июл.2015 12-04-25\directxapp\angryclone\bullet\!vsprojects\bulletcollision\bulletcollision.windows\debug\btconeshape.obj
d:\visual studio 2013\flash zip rar 01.июл.2015 12-04-25\directxapp\angryclone\bullet\!vsprojects\bulletcollision\bulletcollision.windows\debug\btconvexpolyhedron.obj
d:\visual studio 2013\flash zip rar 01.июл.2015 12-04-25\directxapp\angryclone\bullet\!vsprojects\bulletcollision\bulletcollision.windows\debug\btcylindershape.obj
d:\visual studio 2013\flash zip rar 01.июл.2015 12-04-25\directxapp\angryclone\bullet\!vsprojects\bulletcollision\bulletcollision.windows\debug\btmultisphereshape.obj
d:\visual studio 2013\flash zip rar 01.июл.2015 12-04-25\directxapp\angryclone\bullet\!vsprojects\bulletcollision\bulletcollision.windows\debug\btshapehull.obj
d:\visual studio 2013\flash zip rar 01.июл.2015 12-04-25\directxapp\angryclone\bullet\!vsprojects\bulletcollision\bulletcollision.windows\debug\bttrianglebuffer.obj
d:\visual studio 2013\flash zip rar 01.июл.2015 12-04-25\directxapp\angryclone\bullet\!vsprojects\bulletcollision\bulletcollision.windows\debug\bttriangleindexvertexmaterialarray.obj
d:\visual studio 2013\flash zip rar 01.июл.2015 12-04-25\directxapp\angryclone\bullet\!vsprojects\bulletcollision\bulletcollision.windows\debug\btuniformscalingshape.obj
d:\visual studio 2013\flash zip rar 01.июл.2015 12-04-25\directxapp\angryclone\bullet\!vsprojects\bulletcollision\bulletcollision.windows\debug\btgimpactcollisionalgorithm.obj
d:\visual studio 2013\flash zip rar 01.июл.2015 12-04-25\directxapp\angryclone\bullet\!vsprojects\bulletcollision\bulletcollision.windows\debug\gim_memory.obj
d:\visual studio 2013\flash zip rar 01.июл.2015 12-04-25\directxapp\angryclone\bullet\!vsprojects\bulletcollision\bulletcollision.windows\debug\gim_tri_collision.obj
d:\visual studio 2013\flash zip rar 01.июл.2015 12-04-25\directxapp\angryclone\bullet\!vsprojects\bulletcollision\bulletcollision.windows\debug\btgjkepa2.obj
d:\visual studio 2013\flash zip rar 01.июл.2015 12-04-25\directxapp\angryclone\bullet\!vsprojects\bulletcollision\bulletcollision.windows\debug\btpersistentmanifold.obj
d:\visual studio 2013\flash zip rar 01.июл.2015 12-04-25\directxapp\angryclone\bullet\!vsprojects\bulletcollision\bulletcollision.windows\debug\btvoronoisimplexsolver.obj
d:\visual studio 2013\flash zip rar 01.июл.2015 12-04-25\directxapp\angryclone\bullet\!vsprojects\bulletcollision\bulletcollision.windows\debug\btdbvt.obj
d:\visual studio 2013\flash zip rar 01.июл.2015 12-04-25\directxapp\angryclone\bullet\!vsprojects\bulletcollision\bulletcollision.windows\debug\btoverlappingpaircache.obj
d:\visual studio 2013\flash zip rar 01.июл.2015 12-04-25\directxapp\angryclone\bullet\!vsprojects\bulletcollision\bulletcollision.windows\debug\btactivatingcollisionalgorithm.obj
d:\visual studio 2013\flash zip rar 01.июл.2015 12-04-25\directxapp\angryclone\bullet\!vsprojects\bulletcollision\bulletcollision.windows\debug\btboxboxcollisionalgorithm.obj
d:\visual studio 2013\flash zip rar 01.июл.2015 12-04-25\directxapp\angryclone\bullet\!vsprojects\bulletcollision\bulletcollision.windows\debug\btcollisionworldimporter.obj
d:\visual studio 2013\flash zip rar 01.июл.2015 12-04-25\directxapp\angryclone\bullet\!vsprojects\bulletcollision\bulletcollision.windows\debug\bthashedsimplepaircache.obj
d:\visual studio 2013\flash zip rar 01.июл.2015 12-04-25\directxapp\angryclone\bullet\!vsprojects\bulletcollision\bulletcollision.windows\debug\btmanifoldresult.obj
d:\visual studio 2013\flash zip rar 01.июл.2015 12-04-25\directxapp\angryclone\bullet\!vsprojects\bulletcollision\bulletcollision.windows\debug\btspherespherecollisionalgorithm.obj
d:\visual studio 2013\flash zip rar 01.июл.2015 12-04-25\directxapp\angryclone\bullet\!vsprojects\bulletcollision\bulletcollision.windows\debug\btbox2dshape.obj
d:\visual studio 2013\flash zip rar 01.июл.2015 12-04-25\directxapp\angryclone\bullet\!vsprojects\bulletcollision\bulletcollision.windows\debug\btcapsuleshape.obj
d:\visual studio 2013\flash zip rar 01.июл.2015 12-04-25\directxapp\angryclone\bullet\!vsprojects\bulletcollision\bulletcollision.windows\debug\btcompoundshape.obj
d:\visual studio 2013\flash zip rar 01.июл.2015 12-04-25\directxapp\angryclone\bullet\!vsprojects\bulletcollision\bulletcollision.windows\debug\btconvexpointcloudshape.obj
d:\visual studio 2013\flash zip rar 01.июл.2015 12-04-25\directxapp\angryclone\bullet\!vsprojects\bulletcollision\bulletcollision.windows\debug\btemptyshape.obj
d:\visual studio 2013\flash zip rar 01.июл.2015 12-04-25\directxapp\angryclone\bullet\!vsprojects\bulletcollision\bulletcollision.windows\debug\btmultimaterialtrianglemeshshape.obj
d:\visual studio 2013\flash zip rar 01.июл.2015 12-04-25\directxapp\angryclone\bullet\!vsprojects\bulletcollision\bulletcollision.windows\debug\btstaticplaneshape.obj
d:\visual studio 2013\flash zip rar 01.июл.2015 12-04-25\directxapp\angryclone\bullet\!vsprojects\bulletcollision\bulletcollision.windows\debug\btstridingmeshinterface.obj
d:\visual studio 2013\flash zip rar 01.июл.2015 12-04-25\directxapp\angryclone\bullet\!vsprojects\bulletcollision\bulletcollision.windows\debug\bttrianglemeshshape.obj
d:\visual studio 2013\flash zip rar 01.июл.2015 12-04-25\directxapp\angryclone\bullet\!vsprojects\bulletcollision\bulletcollision.windows\debug\btgenericpoolallocator.obj
d:\visual studio 2013\flash zip rar 01.июл.2015 12-04-25\directxapp\angryclone\bullet\!vsprojects\bulletcollision\bulletcollision.windows\debug\btgimpactquantizedbvh.obj
d:\visual studio 2013\flash zip rar 01.июл.2015 12-04-25\directxapp\angryclone\bullet\!vsprojects\bulletcollision\bulletcollision.windows\debug\gim_box_set.obj
d:\visual studio 2013\flash zip rar 01.июл.2015 12-04-25\directxapp\angryclone\bullet\!vsprojects\bulletcollision\bulletcollision.windows\debug\btconvexcast.obj
d:\visual studio 2013\flash zip rar 01.июл.2015 12-04-25\directxapp\angryclone\bullet\!vsprojects\bulletcollision\bulletcollision.windows\debug\btgjkepapenetrationdepthsolver.obj
d:\visual studio 2013\flash zip rar 01.июл.2015 12-04-25\directxapp\angryclone\bullet\!vsprojects\bulletcollision\bulletcollision.windows\debug\btpolyhedralcontactclipping.obj
d:\visual studio 2013\flash zip rar 01.июл.2015 12-04-25\directxapp\angryclone\bullet\!vsprojects\bulletcollision\bulletcollision.windows\debug\btaxissweep3.obj
d:\visual studio 2013\flash zip rar 01.июл.2015 12-04-25\directxapp\angryclone\bullet\!vsprojects\bulletcollision\bulletcollision.windows\debug\btquantizedbvh.obj
d:\visual studio 2013\flash zip rar 01.июл.2015 12-04-25\directxapp\angryclone\bullet\!vsprojects\bulletcollision\bulletcollision.windows\debug\btboxboxdetector.obj
d:\visual studio 2013\flash zip rar 01.июл.2015 12-04-25\directxapp\angryclone\bullet\!vsprojects\bulletcollision\bulletcollision.windows\debug\btcollisionworld.obj
d:\visual studio 2013\flash zip rar 01.июл.2015 12-04-25\directxapp\angryclone\bullet\!vsprojects\bulletcollision\bulletcollision.windows\debug\btdefaultcollisionconfiguration.obj
d:\visual studio 2013\flash zip rar 01.июл.2015 12-04-25\directxapp\angryclone\bullet\!vsprojects\bulletcollision\bulletcollision.windows\debug\btinternaledgeutility.obj
d:\visual studio 2013\flash zip rar 01.июл.2015 12-04-25\directxapp\angryclone\bullet\!vsprojects\bulletcollision\bulletcollision.windows\debug\spheretriangledetector.obj
d:\visual studio 2013\flash zip rar 01.июл.2015 12-04-25\directxapp\angryclone\bullet\!vsprojects\bulletcollision\bulletcollision.windows\debug\btbvhtrianglemeshshape.obj
d:\visual studio 2013\flash zip rar 01.июл.2015 12-04-25\directxapp\angryclone\bullet\!vsprojects\bulletcollision\bulletcollision.windows\debug\btconvexhullshape.obj
d:\visual studio 2013\flash zip rar 01.июл.2015 12-04-25\directxapp\angryclone\bullet\!vsprojects\bulletcollision\bulletcollision.windows\debug\btconvexshape.obj
d:\visual studio 2013\flash zip rar 01.июл.2015 12-04-25\directxapp\angryclone\bullet\!vsprojects\bulletcollision\bulletcollision.windows\debug\btheightfieldterrainshape.obj
d:\visual studio 2013\flash zip rar 01.июл.2015 12-04-25\directxapp\angryclone\bullet\!vsprojects\bulletcollision\bulletcollision.windows\debug\btoptimizedbvh.obj
d:\visual studio 2013\flash zip rar 01.июл.2015 12-04-25\directxapp\angryclone\bullet\!vsprojects\bulletcollision\bulletcollision.windows\debug\btscaledbvhtrianglemeshshape.obj
d:\visual studio 2013\flash zip rar 01.июл.2015 12-04-25\directxapp\angryclone\bullet\!vsprojects\bulletcollision\bulletcollision.windows\debug\bttrianglecallback.obj
d:\visual studio 2013\flash zip rar 01.июл.2015 12-04-25\directxapp\angryclone\bullet\!vsprojects\bulletcollision\bulletcollision.windows\debug\bttrianglemesh.obj
d:\visual studio 2013\flash zip rar 01.июл.2015 12-04-25\directxapp\angryclone\bullet\!vsprojects\bulletcollision\bulletcollision.windows\debug\btcontactprocessing.obj
d:\visual studio 2013\flash zip rar 01.июл.2015 12-04-25\directxapp\angryclone\bullet\!vsprojects\bulletcollision\bulletcollision.windows\debug\btgimpactshape.obj
d:\visual studio 2013\flash zip rar 01.июл.2015 12-04-25\directxapp\angryclone\bullet\!vsprojects\bulletcollision\bulletcollision.windows\debug\btcontinuousconvexcollision.obj
d:\visual studio 2013\flash zip rar 01.июл.2015 12-04-25\directxapp\angryclone\bullet\!vsprojects\bulletcollision\bulletcollision.windows\debug\btminkowskipenetrationdepthsolver.obj
d:\visual studio 2013\flash zip rar 01.июл.2015 12-04-25\directxapp\angryclone\bullet\!vsprojects\bulletcollision\bulletcollision.windows\debug\btsubsimplexconvexcast.obj
d:\visual studio 2013\flash zip rar 01.июл.2015 12-04-25\directxapp\angryclone\bullet\!vsprojects\bulletcollision\bulletcollision.windows\debug\btbroadphaseproxy.obj
d:\visual studio 2013\flash zip rar 01.июл.2015 12-04-25\directxapp\angryclone\bullet\!vsprojects\bulletcollision\bulletcollision.windows\debug\btdbvtbroadphase.obj
d:\visual studio 2013\flash zip rar 01.июл.2015 12-04-25\directxapp\angryclone\bullet\!vsprojects\bulletcollision\bulletcollision.windows\debug\btsimplebroadphase.obj
d:\visual studio 2013\flash zip rar 01.июл.2015 12-04-25\directxapp\angryclone\bullet\!vsprojects\bulletcollision\bulletcollision.windows\debug\btcollisiondispatcher.obj
d:\visual studio 2013\flash zip rar 01.июл.2015 12-04-25\directxapp\angryclone\bullet\!vsprojects\bulletcollision\bulletcollision.windows\debug\btcompoundcollisionalgorithm.obj
d:\visual studio 2013\flash zip rar 01.июл.2015 12-04-25\directxapp\angryclone\bullet\!vsprojects\bulletcollision\bulletcollision.windows\debug\btconvex2dconvex2dalgorithm.obj
d:\visual studio 2013\flash zip rar 01.июл.2015 12-04-25\directxapp\angryclone\bullet\!vsprojects\bulletcollision\bulletcollision.windows\debug\btconvexplanecollisionalgorithm.obj
d:\visual studio 2013\flash zip rar 01.июл.2015 12-04-25\directxapp\angryclone\bullet\!vsprojects\bulletcollision\bulletcollision.windows\debug\btemptycollisionalgorithm.obj
d:\visual studio 2013\flash zip rar 01.июл.2015 12-04-25\directxapp\angryclone\bullet\!vsprojects\bulletcollision\bulletcollision.windows\debug\btsimulationislandmanager.obj
d:\visual studio 2013\flash zip rar 01.июл.2015 12-04-25\directxapp\angryclone\bullet\!vsprojects\bulletcollision\bulletcollision.windows\debug\btspheretrianglecollisionalgorithm.obj
d:\visual studio 2013\flash zip rar 01.июл.2015 12-04-25\directxapp\angryclone\bullet\!vsprojects\bulletcollision\bulletcollision.windows\debug\btcollisionshape.obj
d:\visual studio 2013\flash zip rar 01.июл.2015 12-04-25\directxapp\angryclone\bullet\!vsprojects\bulletcollision\bulletcollision.windows\debug\btconvex2dshape.obj
d:\visual studio 2013\flash zip rar 01.июл.2015 12-04-25\directxapp\angryclone\bullet\!vsprojects\bulletcollision\bulletcollision.windows\debug\btconvexinternalshape.obj
d:\visual studio 2013\flash zip rar 01.июл.2015 12-04-25\directxapp\angryclone\bullet\!vsprojects\bulletcollision\bulletcollision.windows\debug\btconvextrianglemeshshape.obj
d:\visual studio 2013\flash zip rar 01.июл.2015 12-04-25\directxapp\angryclone\bullet\!vsprojects\bulletcollision\bulletcollision.windows\debug\btminkowskisumshape.obj
d:\visual studio 2013\flash zip rar 01.июл.2015 12-04-25\directxapp\angryclone\bullet\!vsprojects\bulletcollision\bulletcollision.windows\debug\btpolyhedralconvexshape.obj
d:\visual studio 2013\flash zip rar 01.июл.2015 12-04-25\directxapp\angryclone\bullet\!vsprojects\bulletcollision\bulletcollision.windows\debug\btsphereshape.obj
d:\visual studio 2013\flash zip rar 01.июл.2015 12-04-25\directxapp\angryclone\bullet\!vsprojects\bulletcollision\bulletcollision.windows\debug\bttetrahedronshape.obj
d:\visual studio 2013\flash zip rar 01.июл.2015 12-04-25\directxapp\angryclone\bullet\!vsprojects\bulletcollision\bulletcollision.windows\debug\bttriangleindexvertexarray.obj
d:\visual studio 2013\flash zip rar 01.июл.2015 12-04-25\directxapp\angryclone\bullet\!vsprojects\bulletcollision\bulletcollision.windows\debug\btgimpactbvh.obj
d:\visual studio 2013\flash zip rar 01.июл.2015 12-04-25\directxapp\angryclone\bullet\!vsprojects\bulletcollision\bulletcollision.windows\debug\bttriangleshapeex.obj
d:\visual studio 2013\flash zip rar 01.июл.2015 12-04-25\directxapp\angryclone\bullet\!vsprojects\bulletcollision\bulletcollision.windows\debug\gim_contact.obj
d:\visual studio 2013\flash zip rar 01.июл.2015 12-04-25\directxapp\angryclone\bullet\!vsprojects\bulletcollision\bulletcollision.windows\debug\btgjkconvexcast.obj
d:\visual studio 2013\flash zip rar 01.июл.2015 12-04-25\directxapp\angryclone\bullet\!vsprojects\bulletcollision\bulletcollision.windows\debug\btgjkpairdetector.obj
d:\visual studio 2013\flash zip rar 01.июл.2015 12-04-25\directxapp\angryclone\bullet\!vsprojects\bulletcollision\bulletcollision.windows\debug\btraycastcallback.obj
d:\visual studio 2013\flash zip rar 01.июл.2015 12-04-25\directxapp\angryclone\bullet\!vsprojects\bulletcollision\bulletcollision.windows\debug\vc120.pdb
d:\visual studio 2013\flash zip rar 01.июл.2015 12-04-25\directxapp\angryclone\debug\bulletcollision.windows\bulletcollision.windows.lib
d:\visual studio 2013\flash zip rar 01.июл.2015 12-04-25\directxapp\angryclone\bullet\!vsprojects\bulletcollision\bulletcollision.windows\debug\vc120.idb
d:\visual studio 2013\flash zip rar 01.июл.2015 12-04-25\directxapp\angryclone\bullet\!vsprojects\bulletcollision\bulletcollision.windows\debug\bulletco.ca677c86.tlog\bulletcollision.windows.read.1u.tlog
d:\visual studio 2013\flash zip rar 01.июл.2015 12-04-25\directxapp\angryclone\bullet\!vsprojects\bulletcollision\bulletcollision.windows\debug\bulletco.ca677c86.tlog\bulletcollision.windows.write.1u.tlog
d:\visual studio 2013\flash zip rar 01.июл.2015 12-04-25\directxapp\angryclone\bullet\!vsprojects\bulletcollision\bulletcollision.windows\debug\bulletco.ca677c86.tlog\cl.command.1.tlog
d:\visual studio 2013\flash zip rar 01.июл.2015 12-04-25\directxapp\angryclone\bullet\!vsprojects\bulletcollision\bulletcollision.windows\debug\bulletco.ca677c86.tlog\cl.read.1.tlog
d:\visual studio 2013\flash zip rar 01.июл.2015 12-04-25\directxapp\angryclone\bullet\!vsprojects\bulletcollision\bulletcollision.windows\debug\bulletco.ca677c86.tlog\cl.write.1.tlog
d:\visual studio 2013\flash zip rar 01.июл.2015 12-04-25\directxapp\angryclone\bullet\!vsprojects\bulletcollision\bulletcollision.windows\debug\bulletco.ca677c86.tlog\lib-link.read.1.tlog
d:\visual studio 2013\flash zip rar 01.июл.2015 12-04-25\directxapp\angryclone\bullet\!vsprojects\bulletcollision\bulletcollision.windows\debug\bulletco.ca677c86.tlog\lib-link.write.1.tlog
d:\visual studio 2013\flash zip rar 01.июл.2015 12-04-25\directxapp\angryclone\bullet\!vsprojects\bulletcollision\bulletcollision.windows\debug\bulletco.ca677c86.tlog\lib.command.1.tlog
