d:\visual studio 2013\flash zip rar 01.июл.2015 12-04-25\directxapp\bullet\!vsprojects\linearmath\linearmath.windowsphone\debug\btalignedallocator.obj
d:\visual studio 2013\flash zip rar 01.июл.2015 12-04-25\directxapp\bullet\!vsprojects\linearmath\linearmath.windowsphone\debug\btpolardecomposition.obj
d:\visual studio 2013\flash zip rar 01.июл.2015 12-04-25\directxapp\bullet\!vsprojects\linearmath\linearmath.windowsphone\debug\btserializer.obj
d:\visual studio 2013\flash zip rar 01.июл.2015 12-04-25\directxapp\bullet\!vsprojects\linearmath\linearmath.windowsphone\debug\btconvexhull.obj
d:\visual studio 2013\flash zip rar 01.июл.2015 12-04-25\directxapp\bullet\!vsprojects\linearmath\linearmath.windowsphone\debug\btvector3.obj
d:\visual studio 2013\flash zip rar 01.июл.2015 12-04-25\directxapp\bullet\!vsprojects\linearmath\linearmath.windowsphone\debug\btgeometryutil.obj
d:\visual studio 2013\flash zip rar 01.июл.2015 12-04-25\directxapp\bullet\!vsprojects\linearmath\linearmath.windowsphone\debug\btquickprof.obj
d:\visual studio 2013\flash zip rar 01.июл.2015 12-04-25\directxapp\bullet\!vsprojects\linearmath\linearmath.windowsphone\debug\btconvexhullcomputer.obj
d:\visual studio 2013\flash zip rar 01.июл.2015 12-04-25\directxapp\bullet\!vsprojects\linearmath\linearmath.windowsphone\debug\vc120.pdb
d:\visual studio 2013\flash zip rar 01.июл.2015 12-04-25\directxapp\debug\linearmath.windowsphone\linearmath.windowsphone.lib
d:\visual studio 2013\flash zip rar 01.июл.2015 12-04-25\directxapp\bullet\!vsprojects\linearmath\linearmath.windowsphone\debug\priconfig.xml
d:\visual studio 2013\flash zip rar 01.июл.2015 12-04-25\directxapp\bullet\!vsprojects\linearmath\linearmath.windowsphone\debug\priconfig.xml.intermediate
d:\visual studio 2013\flash zip rar 01.июл.2015 12-04-25\directxapp\bullet\!vsprojects\linearmath\linearmath.windowsphone\debug\layout.resfiles
d:\visual studio 2013\flash zip rar 01.июл.2015 12-04-25\directxapp\bullet\!vsprojects\linearmath\linearmath.windowsphone\debug\layout.resfiles.intermediate
d:\visual studio 2013\flash zip rar 01.июл.2015 12-04-25\directxapp\bullet\!vsprojects\linearmath\linearmath.windowsphone\debug\resources.resfiles
d:\visual studio 2013\flash zip rar 01.июл.2015 12-04-25\directxapp\bullet\!vsprojects\linearmath\linearmath.windowsphone\debug\resources.resfiles.intermediate
d:\visual studio 2013\flash zip rar 01.июл.2015 12-04-25\directxapp\bullet\!vsprojects\linearmath\linearmath.windowsphone\debug\pri.resfiles
d:\visual studio 2013\flash zip rar 01.июл.2015 12-04-25\directxapp\bullet\!vsprojects\linearmath\linearmath.windowsphone\debug\pri.resfiles.intermediate
d:\visual studio 2013\flash zip rar 01.июл.2015 12-04-25\directxapp\debug\linearmath.windowsphone\linearmath.pri
d:\visual studio 2013\flash zip rar 01.июл.2015 12-04-25\directxapp\bullet\!vsprojects\linearmath\linearmath.windowsphone\debug\qualifiers.txt
d:\visual studio 2013\flash zip rar 01.июл.2015 12-04-25\directxapp\bullet\!vsprojects\linearmath\linearmath.windowsphone\debug\qualifiers.txt.intermediate
d:\visual studio 2013\flash zip rar 01.июл.2015 12-04-25\directxapp\bullet\!vsprojects\linearmath\linearmath.windowsphone\debug\multiplequalifiersperdimensionfound.txt
d:\visual studio 2013\flash zip rar 01.июл.2015 12-04-25\directxapp\angryclone\bullet\!vsprojects\linearmath\linearmath.windowsphone\debug\btalignedallocator.obj
d:\visual studio 2013\flash zip rar 01.июл.2015 12-04-25\directxapp\angryclone\bullet\!vsprojects\linearmath\linearmath.windowsphone\debug\btconvexhull.obj
d:\visual studio 2013\flash zip rar 01.июл.2015 12-04-25\directxapp\angryclone\bullet\!vsprojects\linearmath\linearmath.windowsphone\debug\btconvexhullcomputer.obj
d:\visual studio 2013\flash zip rar 01.июл.2015 12-04-25\directxapp\angryclone\bullet\!vsprojects\linearmath\linearmath.windowsphone\debug\btgeometryutil.obj
d:\visual studio 2013\flash zip rar 01.июл.2015 12-04-25\directxapp\angryclone\bullet\!vsprojects\linearmath\linearmath.windowsphone\debug\btpolardecomposition.obj
d:\visual studio 2013\flash zip rar 01.июл.2015 12-04-25\directxapp\angryclone\bullet\!vsprojects\linearmath\linearmath.windowsphone\debug\btquickprof.obj
d:\visual studio 2013\flash zip rar 01.июл.2015 12-04-25\directxapp\angryclone\bullet\!vsprojects\linearmath\linearmath.windowsphone\debug\btserializer.obj
d:\visual studio 2013\flash zip rar 01.июл.2015 12-04-25\directxapp\angryclone\bullet\!vsprojects\linearmath\linearmath.windowsphone\debug\btvector3.obj
d:\visual studio 2013\flash zip rar 01.июл.2015 12-04-25\directxapp\angryclone\bullet\!vsprojects\linearmath\linearmath.windowsphone\debug\vc120.idb
d:\visual studio 2013\flash zip rar 01.июл.2015 12-04-25\directxapp\angryclone\bullet\!vsprojects\linearmath\linearmath.windowsphone\debug\vc120.pdb
d:\visual studio 2013\flash zip rar 01.июл.2015 12-04-25\directxapp\angryclone\bullet\!vsprojects\linearmath\linearmath.windowsphone\debug\priconfig.xml
d:\visual studio 2013\flash zip rar 01.июл.2015 12-04-25\directxapp\angryclone\debug\linearmath.windowsphone\linearmath.windowsphone.lib
d:\visual studio 2013\flash zip rar 01.июл.2015 12-04-25\directxapp\angryclone\bullet\!vsprojects\linearmath\linearmath.windowsphone\debug\linearma.c3ab9d97.tlog\cl.command.1.tlog
d:\visual studio 2013\flash zip rar 01.июл.2015 12-04-25\directxapp\angryclone\bullet\!vsprojects\linearmath\linearmath.windowsphone\debug\linearma.c3ab9d97.tlog\cl.read.1.tlog
d:\visual studio 2013\flash zip rar 01.июл.2015 12-04-25\directxapp\angryclone\bullet\!vsprojects\linearmath\linearmath.windowsphone\debug\linearma.c3ab9d97.tlog\cl.write.1.tlog
d:\visual studio 2013\flash zip rar 01.июл.2015 12-04-25\directxapp\angryclone\bullet\!vsprojects\linearmath\linearmath.windowsphone\debug\linearma.c3ab9d97.tlog\lib-link.read.1.tlog
d:\visual studio 2013\flash zip rar 01.июл.2015 12-04-25\directxapp\angryclone\bullet\!vsprojects\linearmath\linearmath.windowsphone\debug\linearma.c3ab9d97.tlog\lib-link.write.1.tlog
d:\visual studio 2013\flash zip rar 01.июл.2015 12-04-25\directxapp\angryclone\bullet\!vsprojects\linearmath\linearmath.windowsphone\debug\linearma.c3ab9d97.tlog\lib.command.1.tlog
d:\visual studio 2013\flash zip rar 01.июл.2015 12-04-25\directxapp\angryclone\bullet\!vsprojects\linearmath\linearmath.windowsphone\debug\linearma.c3ab9d97.tlog\linearmath.windowsphone.read.1u.tlog
d:\visual studio 2013\flash zip rar 01.июл.2015 12-04-25\directxapp\angryclone\bullet\!vsprojects\linearmath\linearmath.windowsphone\debug\linearma.c3ab9d97.tlog\linearmath.windowsphone.write.1u.tlog
