Build started 01.07.2015 14:54:37.
     1>Project "D:\Visual Studio 2013\Flash ZIP RAR 01.июл.2015 12-04-25\DirectXApp\Bullet\!VsProjects\LinearMath\LinearMath.Windows\LinearMath.Windows.vcxproj" on node 2 (Build target(s)).
     1>ClCompile:
         D:\Visual Studio 2013\VC\bin\x86_arm\CL.exe /c /I"D:\Visual Studio 2013\Flash ZIP RAR 01.июл.2015 12-04-25\DirectXApp\Bullet\!VsProjects\LinearMath\LinearMath.Windows\\" /I"Generated Files\\" /IARM\Debug\ /I"D:\Visual Studio 2013\Flash ZIP RAR 01.июл.2015 12-04-25\DirectXApp\Bullet\!VsProjects\LinearMath\LinearMath.Shared\\" /Zi /nologo /W3 /WX- /sdl /MP /Od /Oy- /D _UNICODE /D UNICODE /D _DEBUG /D WINAPI_FAMILY=WINAPI_FAMILY_APP /Gm- /EHsc /RTC1 /MDd /GS /fp:precise /Zc:wchar_t /Zc:forScope /Fo"ARM\Debug\\" /Fd"ARM\Debug\vc120.pdb" /Gd /TP /analyze- /errorReport:prompt "D:\Visual Studio 2013\Flash ZIP RAR 01.июл.2015 12-04-25\DirectXApp\Bullet\!VsProjects\LinearMath\LinearMath.Shared\..\..\..\LinearMath\btAlignedAllocator.cpp" "D:\Visual Studio 2013\Flash ZIP RAR 01.июл.2015 12-04-25\DirectXApp\Bullet\!VsProjects\LinearMath\LinearMath.Shared\..\..\..\LinearMath\btConvexHull.cpp" "D:\Visual Studio 2013\Flash ZIP RAR 01.июл.2015 12-04-25\DirectXApp\Bullet\!VsProjects\LinearMath\LinearMath.Shared\..\..\..\LinearMath\btConvexHullComputer.cpp" "D:\Visual Studio 2013\Flash ZIP RAR 01.июл.2015 12-04-25\DirectXApp\Bullet\!VsProjects\LinearMath\LinearMath.Shared\..\..\..\LinearMath\btGeometryUtil.cpp" "D:\Visual Studio 2013\Flash ZIP RAR 01.июл.2015 12-04-25\DirectXApp\Bullet\!VsProjects\LinearMath\LinearMath.Shared\..\..\..\LinearMath\btPolarDecomposition.cpp" "D:\Visual Studio 2013\Flash ZIP RAR 01.июл.2015 12-04-25\DirectXApp\Bullet\!VsProjects\LinearMath\LinearMath.Shared\..\..\..\LinearMath\btQuickprof.cpp" "D:\Visual Studio 2013\Flash ZIP RAR 01.июл.2015 12-04-25\DirectXApp\Bullet\!VsProjects\LinearMath\LinearMath.Shared\..\..\..\LinearMath\btSerializer.cpp" "D:\Visual Studio 2013\Flash ZIP RAR 01.июл.2015 12-04-25\DirectXApp\Bullet\!VsProjects\LinearMath\LinearMath.Shared\..\..\..\LinearMath\btVector3.cpp"
         btAlignedAllocator.cpp
         btConvexHull.cpp
         btConvexHullComputer.cpp
         btGeometryUtil.cpp
         btPolarDecomposition.cpp
         btQuickprof.cpp
         btSerializer.cpp
         btVector3.cpp
       Lib:
         D:\Visual Studio 2013\VC\bin\x86_arm\Lib.exe /OUT:"D:\Visual Studio 2013\Flash ZIP RAR 01.июл.2015 12-04-25\DirectXApp\ARM\Debug\LinearMath.Windows\LinearMath.Windows.lib" /NOLOGO /MACHINE:ARM ARM\Debug\btAlignedAllocator.obj
         ARM\Debug\btConvexHull.obj
         ARM\Debug\btConvexHullComputer.obj
         ARM\Debug\btGeometryUtil.obj
         ARM\Debug\btPolarDecomposition.obj
         ARM\Debug\btQuickprof.obj
         ARM\Debug\btSerializer.obj
         ARM\Debug\btVector3.obj
         LinearMath.Windows.vcxproj -> D:\Visual Studio 2013\Flash ZIP RAR 01.июл.2015 12-04-25\DirectXApp\ARM\Debug\LinearMath.Windows\LinearMath.Windows.lib
       _GenerateProjectPriFileCore:
         C:\Program Files (x86)\Windows Kits\8.1\bin\x64\MakePri.exe New -ProjectRoot "D:\Visual Studio 2013\Flash ZIP RAR 01.июл.2015 12-04-25\DirectXApp\Bullet\!VsProjects\LinearMath\LinearMath.Windows\\" -ConfigXml ARM\Debug\priconfig.xml -OutputFile "D:\Visual Studio 2013\Flash ZIP RAR 01.июл.2015 12-04-25\DirectXApp\ARM\Debug\LinearMath.Windows\LinearMath.pri" -IndexName LinearMath -Verbose -Overwrite  
     1>Done Building Project "D:\Visual Studio 2013\Flash ZIP RAR 01.июл.2015 12-04-25\DirectXApp\Bullet\!VsProjects\LinearMath\LinearMath.Windows\LinearMath.Windows.vcxproj" (Build target(s)).

Build succeeded.

Time Elapsed 00:00:02.09
