Build started 01.07.2015 14:54:42.
     1>Project "D:\Visual Studio 2013\Flash ZIP RAR 01.июл.2015 12-04-25\DirectXApp\Bullet\!VsProjects\BulletCollision\BulletCollision.Windows\BulletCollision.Windows.vcxproj" on node 2 (Build target(s)).
     1>ClCompile:
         D:\Visual Studio 2013\VC\bin\x86_arm\CL.exe /c /I"D:\Visual Studio 2013\Flash ZIP RAR 01.июл.2015 12-04-25\DirectXApp\Bullet\!VsProjects\BulletCollision\BulletCollision.Windows\..\..\Bullet\LinearMath\\" /I"D:\Visual Studio 2013\Flash ZIP RAR 01.июл.2015 12-04-25\DirectXApp\Bullet\!VsProjects\BulletCollision\BulletCollision.Windows\..\..\LinearMath\LinearMath.Shared\\" /I"D:\Visual Studio 2013\Flash ZIP RAR 01.июл.2015 12-04-25\DirectXApp\Bullet\!VsProjects\BulletCollision\BulletCollision.Windows\\" /I"Generated Files\\" /IARM\Debug\ /I"D:\Visual Studio 2013\Flash ZIP RAR 01.июл.2015 12-04-25\DirectXApp\Bullet\!VsProjects\BulletCollision\BulletCollision.Shared\\" /Zi /nologo /W3 /WX- /sdl /MP /Od /Oy- /D _UNICODE /D UNICODE /D _DEBUG /D WINAPI_FAMILY=WINAPI_FAMILY_APP /Gm- /EHsc /RTC1 /MDd /GS /fp:precise /Zc:wchar_t /Zc:forScope /Fo"ARM\Debug\\" /Fd"ARM\Debug\vc120.pdb" /Gd /TP /analyze- /errorReport:prompt "D:\Visual Studio 2013\Flash ZIP RAR 01.июл.2015 12-04-25\DirectXApp\Bullet\!VsProjects\BulletCollision\BulletCollision.Shared\..\..\..\BulletCollision\BroadphaseCollision\btAxisSweep3.cpp" "D:\Visual Studio 2013\Flash ZIP RAR 01.июл.2015 12-04-25\DirectXApp\Bullet\!VsProjects\BulletCollision\BulletCollision.Shared\..\..\..\BulletCollision\BroadphaseCollision\btBroadphaseProxy.cpp" "D:\Visual Studio 2013\Flash ZIP RAR 01.июл.2015 12-04-25\DirectXApp\Bullet\!VsProjects\BulletCollision\BulletCollision.Shared\..\..\..\BulletCollision\BroadphaseCollision\btCollisionAlgorithm.cpp" "D:\Visual Studio 2013\Flash ZIP RAR 01.июл.2015 12-04-25\DirectXApp\Bullet\!VsProjects\BulletCollision\BulletCollision.Shared\..\..\..\BulletCollision\BroadphaseCollision\btDbvt.cpp" "D:\Visual Studio 2013\Flash ZIP RAR 01.июл.2015 12-04-25\DirectXApp\Bullet\!VsProjects\BulletCollision\BulletCollision.Shared\..\..\..\BulletCollision\BroadphaseCollision\btDbvtBroadphase.cpp" "D:\Visual Studio 2013\Flash ZIP RAR 01.июл.2015 12-04-25\DirectXApp\Bullet\!VsProjects\BulletCollision\BulletCollision.Shared\..\..\..\BulletCollision\BroadphaseCollision\btDispatcher.cpp" "D:\Visual Studio 2013\Flash ZIP RAR 01.июл.2015 12-04-25\DirectXApp\Bullet\!VsProjects\BulletCollision\BulletCollision.Shared\..\..\..\BulletCollision\BroadphaseCollision\btMultiSapBroadphase.cpp" "D:\Visual Studio 2013\Flash ZIP RAR 01.июл.2015 12-04-25\DirectXApp\Bullet\!VsProjects\BulletCollision\BulletCollision.Shared\..\..\..\BulletCollision\BroadphaseCollision\btOverlappingPairCache.cpp" "D:\Visual Studio 2013\Flash ZIP RAR 01.июл.2015 12-04-25\DirectXApp\Bullet\!VsProjects\BulletCollision\BulletCollision.Shared\..\..\..\BulletCollision\BroadphaseCollision\btQuantizedBvh.cpp" "D:\Visual Studio 2013\Flash ZIP RAR 01.июл.2015 12-04-25\DirectXApp\Bullet\!VsProjects\BulletCollision\BulletCollision.Shared\..\..\..\BulletCollision\BroadphaseCollision\btSimpleBroadphase.cpp" "D:\Visual Studio 2013\Flash ZIP RAR 01.июл.2015 12-04-25\DirectXApp\Bullet\!VsProjects\BulletCollision\BulletCollision.Shared\..\..\..\BulletCollision\CollisionDispatch\btActivatingCollisionAlgorithm.cpp" "D:\Visual Studio 2013\Flash ZIP RAR 01.июл.2015 12-04-25\DirectXApp\Bullet\!VsProjects\BulletCollision\BulletCollision.Shared\..\..\..\BulletCollision\CollisionDispatch\btBox2dBox2dCollisionAlgorithm.cpp" "D:\Visual Studio 2013\Flash ZIP RAR 01.июл.2015 12-04-25\DirectXApp\Bullet\!VsProjects\BulletCollision\BulletCollision.Shared\..\..\..\BulletCollision\CollisionDispatch\btBoxBoxCollisionAlgorithm.cpp" "D:\Visual Studio 2013\Flash ZIP RAR 01.июл.2015 12-04-25\DirectXApp\Bullet\!VsProjects\BulletCollision\BulletCollision.Shared\..\..\..\BulletCollision\CollisionDispatch\btBoxBoxDetector.cpp" "D:\Visual Studio 2013\Flash ZIP RAR 01.июл.2015 12-04-25\DirectXApp\Bullet\!VsProjects\BulletCollision\BulletCollision.Shared\..\..\..\BulletCollision\CollisionDispatch\btCollisionDispatcher.cpp" "D:\Visual Studio 2013\Flash ZIP RAR 01.июл.2015 12-04-25\DirectXApp\Bullet\!VsProjects\BulletCollision\BulletCollision.Shared\..\..\..\BulletCollision\CollisionDispatch\btCollisionObject.cpp" "D:\Visual Studio 2013\Flash ZIP RAR 01.июл.2015 12-04-25\DirectXApp\Bullet\!VsProjects\BulletCollision\BulletCollision.Shared\..\..\..\BulletCollision\CollisionDispatch\btCollisionWorld.cpp" "D:\Visual Studio 2013\Flash ZIP RAR 01.июл.2015 12-04-25\DirectXApp\Bullet\!VsProjects\BulletCollision\BulletCollision.Shared\..\..\..\BulletCollision\CollisionDispatch\btCollisionWorldImporter.cpp" "D:\Visual Studio 2013\Flash ZIP RAR 01.июл.2015 12-04-25\DirectXApp\Bullet\!VsProjects\BulletCollision\BulletCollision.Shared\..\..\..\BulletCollision\CollisionDispatch\btCompoundCollisionAlgorithm.cpp" "D:\Visual Studio 2013\Flash ZIP RAR 01.июл.2015 12-04-25\DirectXApp\Bullet\!VsProjects\BulletCollision\BulletCollision.Shared\..\..\..\BulletCollision\CollisionDispatch\btCompoundCompoundCollisionAlgorithm.cpp" "D:\Visual Studio 2013\Flash ZIP RAR 01.июл.2015 12-04-25\DirectXApp\Bullet\!VsProjects\BulletCollision\BulletCollision.Shared\..\..\..\BulletCollision\CollisionDispatch\btConvex2dConvex2dAlgorithm.cpp" "D:\Visual Studio 2013\Flash ZIP RAR 01.июл.2015 12-04-25\DirectXApp\Bullet\!VsProjects\BulletCollision\BulletCollision.Shared\..\..\..\BulletCollision\CollisionDispatch\btConvexConcaveCollisionAlgorithm.cpp" "D:\Visual Studio 2013\Flash ZIP RAR 01.июл.2015 12-04-25\DirectXApp\Bullet\!VsProjects\BulletCollision\BulletCollision.Shared\..\..\..\BulletCollision\CollisionDispatch\btConvexConvexAlgorithm.cpp" "D:\Visual Studio 2013\Flash ZIP RAR 01.июл.2015 12-04-25\DirectXApp\Bullet\!VsProjects\BulletCollision\BulletCollision.Shared\..\..\..\BulletCollision\CollisionDispatch\btConvexPlaneCollisionAlgorithm.cpp" "D:\Visual Studio 2013\Flash ZIP RAR 01.июл.2015 12-04-25\DirectXApp\Bullet\!VsProjects\BulletCollision\BulletCollision.Shared\..\..\..\BulletCollision\CollisionDispatch\btDefaultCollisionConfiguration.cpp" "D:\Visual Studio 2013\Flash ZIP RAR 01.июл.2015 12-04-25\DirectXApp\Bullet\!VsProjects\BulletCollision\BulletCollision.Shared\..\..\..\BulletCollision\CollisionDispatch\btEmptyCollisionAlgorithm.cpp" "D:\Visual Studio 2013\Flash ZIP RAR 01.июл.2015 12-04-25\DirectXApp\Bullet\!VsProjects\BulletCollision\BulletCollision.Shared\..\..\..\BulletCollision\CollisionDispatch\btGhostObject.cpp" "D:\Visual Studio 2013\Flash ZIP RAR 01.июл.2015 12-04-25\DirectXApp\Bullet\!VsProjects\BulletCollision\BulletCollision.Shared\..\..\..\BulletCollision\CollisionDispatch\btHashedSimplePairCache.cpp" "D:\Visual Studio 2013\Flash ZIP RAR 01.июл.2015 12-04-25\DirectXApp\Bullet\!VsProjects\BulletCollision\BulletCollision.Shared\..\..\..\BulletCollision\CollisionDispatch\btInternalEdgeUtility.cpp" "D:\Visual Studio 2013\Flash ZIP RAR 01.июл.2015 12-04-25\DirectXApp\Bullet\!VsProjects\BulletCollision\BulletCollision.Shared\..\..\..\BulletCollision\CollisionDispatch\btManifoldResult.cpp" "D:\Visual Studio 2013\Flash ZIP RAR 01.июл.2015 12-04-25\DirectXApp\Bullet\!VsProjects\BulletCollision\BulletCollision.Shared\..\..\..\BulletCollision\CollisionDispatch\btSimulationIslandManager.cpp" "D:\Visual Studio 2013\Flash ZIP RAR 01.июл.2015 12-04-25\DirectXApp\Bullet\!VsProjects\BulletCollision\BulletCollision.Shared\..\..\..\BulletCollision\CollisionDispatch\btSphereBoxCollisionAlgorithm.cpp" "D:\Visual Studio 2013\Flash ZIP RAR 01.июл.2015 12-04-25\DirectXApp\Bullet\!VsProjects\BulletCollision\BulletCollision.Shared\..\..\..\BulletCollision\CollisionDispatch\btSphereSphereCollisionAlgorithm.cpp" "D:\Visual Studio 2013\Flash ZIP RAR 01.июл.2015 12-04-25\DirectXApp\Bullet\!VsProjects\BulletCollision\BulletCollision.Shared\..\..\..\BulletCollision\CollisionDispatch\btSphereTriangleCollisionAlgorithm.cpp" "D:\Visual Studio 2013\Flash ZIP RAR 01.июл.2015 12-04-25\DirectXApp\Bullet\!VsProjects\BulletCollision\BulletCollision.Shared\..\..\..\BulletCollision\CollisionDispatch\btUnionFind.cpp" "D:\Visual Studio 2013\Flash ZIP RAR 01.июл.2015 12-04-25\DirectXApp\Bullet\!VsProjects\BulletCollision\BulletCollision.Shared\..\..\..\BulletCollision\CollisionDispatch\SphereTriangleDetector.cpp" "D:\Visual Studio 2013\Flash ZIP RAR 01.июл.2015 12-04-25\DirectXApp\Bullet\!VsProjects\BulletCollision\BulletCollision.Shared\..\..\..\BulletCollision\CollisionShapes\btBox2dShape.cpp" "D:\Visual Studio 2013\Flash ZIP RAR 01.июл.2015 12-04-25\DirectXApp\Bullet\!VsProjects\BulletCollision\BulletCollision.Shared\..\..\..\BulletCollision\CollisionShapes\btBoxShape.cpp" "D:\Visual Studio 2013\Flash ZIP RAR 01.июл.2015 12-04-25\DirectXApp\Bullet\!VsProjects\BulletCollision\BulletCollision.Shared\..\..\..\BulletCollision\CollisionShapes\btBvhTriangleMeshShape.cpp" "D:\Visual Studio 2013\Flash ZIP RAR 01.июл.2015 12-04-25\DirectXApp\Bullet\!VsProjects\BulletCollision\BulletCollision.Shared\..\..\..\BulletCollision\CollisionShapes\btCapsuleShape.cpp" "D:\Visual Studio 2013\Flash ZIP RAR 01.июл.2015 12-04-25\DirectXApp\Bullet\!VsProjects\BulletCollision\BulletCollision.Shared\..\..\..\BulletCollision\CollisionShapes\btCollisionShape.cpp" "D:\Visual Studio 2013\Flash ZIP RAR 01.июл.2015 12-04-25\DirectXApp\Bullet\!VsProjects\BulletCollision\BulletCollision.Shared\..\..\..\BulletCollision\CollisionShapes\btCompoundShape.cpp" "D:\Visual Studio 2013\Flash ZIP RAR 01.июл.2015 12-04-25\DirectXApp\Bullet\!VsProjects\BulletCollision\BulletCollision.Shared\..\..\..\BulletCollision\CollisionShapes\btConcaveShape.cpp" "D:\Visual Studio 2013\Flash ZIP RAR 01.июл.2015 12-04-25\DirectXApp\Bullet\!VsProjects\BulletCollision\BulletCollision.Shared\..\..\..\BulletCollision\CollisionShapes\btConeShape.cpp" "D:\Visual Studio 2013\Flash ZIP RAR 01.июл.2015 12-04-25\DirectXApp\Bullet\!VsProjects\BulletCollision\BulletCollision.Shared\..\..\..\BulletCollision\CollisionShapes\btConvex2dShape.cpp" "D:\Visual Studio 2013\Flash ZIP RAR 01.июл.2015 12-04-25\DirectXApp\Bullet\!VsProjects\BulletCollision\BulletCollision.Shared\..\..\..\BulletCollision\CollisionShapes\btConvexHullShape.cpp" "D:\Visual Studio 2013\Flash ZIP RAR 01.июл.2015 12-04-25\DirectXApp\Bullet\!VsProjects\BulletCollision\BulletCollision.Shared\..\..\..\BulletCollision\CollisionShapes\btConvexInternalShape.cpp" "D:\Visual Studio 2013\Flash ZIP RAR 01.июл.2015 12-04-25\DirectXApp\Bullet\!VsProjects\BulletCollision\BulletCollision.Shared\..\..\..\BulletCollision\CollisionShapes\btConvexPointCloudShape.cpp" "D:\Visual Studio 2013\Flash ZIP RAR 01.июл.2015 12-04-25\DirectXApp\Bullet\!VsProjects\BulletCollision\BulletCollision.Shared\..\..\..\BulletCollision\CollisionShapes\btConvexPolyhedron.cpp" "D:\Visual Studio 2013\Flash ZIP RAR 01.июл.2015 12-04-25\DirectXApp\Bullet\!VsProjects\BulletCollision\BulletCollision.Shared\..\..\..\BulletCollision\CollisionShapes\btConvexShape.cpp" "D:\Visual Studio 2013\Flash ZIP RAR 01.июл.2015 12-04-25\DirectXApp\Bullet\!VsProjects\BulletCollision\BulletCollision.Shared\..\..\..\BulletCollision\CollisionShapes\btConvexTriangleMeshShape.cpp" "D:\Visual Studio 2013\Flash ZIP RAR 01.июл.2015 12-04-25\DirectXApp\Bullet\!VsProjects\BulletCollision\BulletCollision.Shared\..\..\..\BulletCollision\CollisionShapes\btCylinderShape.cpp" "D:\Visual Studio 2013\Flash ZIP RAR 01.июл.2015 12-04-25\DirectXApp\Bullet\!VsProjects\BulletCollision\BulletCollision.Shared\..\..\..\BulletCollision\CollisionShapes\btEmptyShape.cpp" "D:\Visual Studio 2013\Flash ZIP RAR 01.июл.2015 12-04-25\DirectXApp\Bullet\!VsProjects\BulletCollision\BulletCollision.Shared\..\..\..\BulletCollision\CollisionShapes\btHeightfieldTerrainShape.cpp" "D:\Visual Studio 2013\Flash ZIP RAR 01.июл.2015 12-04-25\DirectXApp\Bullet\!VsProjects\BulletCollision\BulletCollision.Shared\..\..\..\BulletCollision\CollisionShapes\btMinkowskiSumShape.cpp" "D:\Visual Studio 2013\Flash ZIP RAR 01.июл.2015 12-04-25\DirectXApp\Bullet\!VsProjects\BulletCollision\BulletCollision.Shared\..\..\..\BulletCollision\CollisionShapes\btMultimaterialTriangleMeshShape.cpp" "D:\Visual Studio 2013\Flash ZIP RAR 01.июл.2015 12-04-25\DirectXApp\Bullet\!VsProjects\BulletCollision\BulletCollision.Shared\..\..\..\BulletCollision\CollisionShapes\btMultiSphereShape.cpp" "D:\Visual Studio 2013\Flash ZIP RAR 01.июл.2015 12-04-25\DirectXApp\Bullet\!VsProjects\BulletCollision\BulletCollision.Shared\..\..\..\BulletCollision\CollisionShapes\btOptimizedBvh.cpp" "D:\Visual Studio 2013\Flash ZIP RAR 01.июл.2015 12-04-25\DirectXApp\Bullet\!VsProjects\BulletCollision\BulletCollision.Shared\..\..\..\BulletCollision\CollisionShapes\btPolyhedralConvexShape.cpp" "D:\Visual Studio 2013\Flash ZIP RAR 01.июл.2015 12-04-25\DirectXApp\Bullet\!VsProjects\BulletCollision\BulletCollision.Shared\..\..\..\BulletCollision\CollisionShapes\btScaledBvhTriangleMeshShape.cpp" "D:\Visual Studio 2013\Flash ZIP RAR 01.июл.2015 12-04-25\DirectXApp\Bullet\!VsProjects\BulletCollision\BulletCollision.Shared\..\..\..\BulletCollision\CollisionShapes\btShapeHull.cpp" "D:\Visual Studio 2013\Flash ZIP RAR 01.июл.2015 12-04-25\DirectXApp\Bullet\!VsProjects\BulletCollision\BulletCollision.Shared\..\..\..\BulletCollision\CollisionShapes\btSphereShape.cpp" "D:\Visual Studio 2013\Flash ZIP RAR 01.июл.2015 12-04-25\DirectXApp\Bullet\!VsProjects\BulletCollision\BulletCollision.Shared\..\..\..\BulletCollision\CollisionShapes\btStaticPlaneShape.cpp" "D:\Visual Studio 2013\Flash ZIP RAR 01.июл.2015 12-04-25\DirectXApp\Bullet\!VsProjects\BulletCollision\BulletCollision.Shared\..\..\..\BulletCollision\CollisionShapes\btStridingMeshInterface.cpp" "D:\Visual Studio 2013\Flash ZIP RAR 01.июл.2015 12-04-25\DirectXApp\Bullet\!VsProjects\BulletCollision\BulletCollision.Shared\..\..\..\BulletCollision\CollisionShapes\btTetrahedronShape.cpp" "D:\Visual Studio 2013\Flash ZIP RAR 01.июл.2015 12-04-25\DirectXApp\Bullet\!VsProjects\BulletCollision\BulletCollision.Shared\..\..\..\BulletCollision\CollisionShapes\btTriangleBuffer.cpp" "D:\Visual Studio 2013\Flash ZIP RAR 01.июл.2015 12-04-25\DirectXApp\Bullet\!VsProjects\BulletCollision\BulletCollision.Shared\..\..\..\BulletCollision\CollisionShapes\btTriangleCallback.cpp" "D:\Visual Studio 2013\Flash ZIP RAR 01.июл.2015 12-04-25\DirectXApp\Bullet\!VsProjects\BulletCollision\BulletCollision.Shared\..\..\..\BulletCollision\CollisionShapes\btTriangleIndexVertexArray.cpp" "D:\Visual Studio 2013\Flash ZIP RAR 01.июл.2015 12-04-25\DirectXApp\Bullet\!VsProjects\BulletCollision\BulletCollision.Shared\..\..\..\BulletCollision\CollisionShapes\btTriangleIndexVertexMaterialArray.cpp" "D:\Visual Studio 2013\Flash ZIP RAR 01.июл.2015 12-04-25\DirectXApp\Bullet\!VsProjects\BulletCollision\BulletCollision.Shared\..\..\..\BulletCollision\CollisionShapes\btTriangleMesh.cpp" "D:\Visual Studio 2013\Flash ZIP RAR 01.июл.2015 12-04-25\DirectXApp\Bullet\!VsProjects\BulletCollision\BulletCollision.Shared\..\..\..\BulletCollision\CollisionShapes\btTriangleMeshShape.cpp" "D:\Visual Studio 2013\Flash ZIP RAR 01.июл.2015 12-04-25\DirectXApp\Bullet\!VsProjects\BulletCollision\BulletCollision.Shared\..\..\..\BulletCollision\CollisionShapes\btUniformScalingShape.cpp" "D:\Visual Studio 2013\Flash ZIP RAR 01.июл.2015 12-04-25\DirectXApp\Bullet\!VsProjects\BulletCollision\BulletCollision.Shared\..\..\..\BulletCollision\Gimpact\btContactProcessing.cpp" "D:\Visual Studio 2013\Flash ZIP RAR 01.июл.2015 12-04-25\DirectXApp\Bullet\!VsProjects\BulletCollision\BulletCollision.Shared\..\..\..\BulletCollision\Gimpact\btGenericPoolAllocator.cpp" "D:\Visual Studio 2013\Flash ZIP RAR 01.июл.2015 12-04-25\DirectXApp\Bullet\!VsProjects\BulletCollision\BulletCollision.Shared\..\..\..\BulletCollision\Gimpact\btGImpactBvh.cpp" "D:\Visual Studio 2013\Flash ZIP RAR 01.июл.2015 12-04-25\DirectXApp\Bullet\!VsProjects\BulletCollision\BulletCollision.Shared\..\..\..\BulletCollision\Gimpact\btGImpactCollisionAlgorithm.cpp" "D:\Visual Studio 2013\Flash ZIP RAR 01.июл.2015 12-04-25\DirectXApp\Bullet\!VsProjects\BulletCollision\BulletCollision.Shared\..\..\..\BulletCollision\Gimpact\btGImpactQuantizedBvh.cpp" "D:\Visual Studio 2013\Flash ZIP RAR 01.июл.2015 12-04-25\DirectXApp\Bullet\!VsProjects\BulletCollision\BulletCollision.Shared\..\..\..\BulletCollision\Gimpact\btGImpactShape.cpp" "D:\Visual Studio 2013\Flash ZIP RAR 01.июл.2015 12-04-25\DirectXApp\Bullet\!VsProjects\BulletCollision\BulletCollision.Shared\..\..\..\BulletCollision\Gimpact\btTriangleShapeEx.cpp" "D:\Visual Studio 2013\Flash ZIP RAR 01.июл.2015 12-04-25\DirectXApp\Bullet\!VsProjects\BulletCollision\BulletCollision.Shared\..\..\..\BulletCollision\Gimpact\gim_box_set.cpp" "D:\Visual Studio 2013\Flash ZIP RAR 01.июл.2015 12-04-25\DirectXApp\Bullet\!VsProjects\BulletCollision\BulletCollision.Shared\..\..\..\BulletCollision\Gimpact\gim_contact.cpp" "D:\Visual Studio 2013\Flash ZIP RAR 01.июл.2015 12-04-25\DirectXApp\Bullet\!VsProjects\BulletCollision\BulletCollision.Shared\..\..\..\BulletCollision\Gimpact\gim_memory.cpp" "D:\Visual Studio 2013\Flash ZIP RAR 01.июл.2015 12-04-25\DirectXApp\Bullet\!VsProjects\BulletCollision\BulletCollision.Shared\..\..\..\BulletCollision\Gimpact\gim_tri_collision.cpp" "D:\Visual Studio 2013\Flash ZIP RAR 01.июл.2015 12-04-25\DirectXApp\Bullet\!VsProjects\BulletCollision\BulletCollision.Shared\..\..\..\BulletCollision\NarrowPhaseCollision\btContinuousConvexCollision.cpp" "D:\Visual Studio 2013\Flash ZIP RAR 01.июл.2015 12-04-25\DirectXApp\Bullet\!VsProjects\BulletCollision\BulletCollision.Shared\..\..\..\BulletCollision\NarrowPhaseCollision\btConvexCast.cpp" "D:\Visual Studio 2013\Flash ZIP RAR 01.июл.2015 12-04-25\DirectXApp\Bullet\!VsProjects\BulletCollision\BulletCollision.Shared\..\..\..\BulletCollision\NarrowPhaseCollision\btGjkConvexCast.cpp" "D:\Visual Studio 2013\Flash ZIP RAR 01.июл.2015 12-04-25\DirectXApp\Bullet\!VsProjects\BulletCollision\BulletCollision.Shared\..\..\..\BulletCollision\NarrowPhaseCollision\btGjkEpa2.cpp" "D:\Visual Studio 2013\Flash ZIP RAR 01.июл.2015 12-04-25\DirectXApp\Bullet\!VsProjects\BulletCollision\BulletCollision.Shared\..\..\..\BulletCollision\NarrowPhaseCollision\btGjkEpaPenetrationDepthSolver.cpp" "D:\Visual Studio 2013\Flash ZIP RAR 01.июл.2015 12-04-25\DirectXApp\Bullet\!VsProjects\BulletCollision\BulletCollision.Shared\..\..\..\BulletCollision\NarrowPhaseCollision\btGjkPairDetector.cpp" "D:\Visual Studio 2013\Flash ZIP RAR 01.июл.2015 12-04-25\DirectXApp\Bullet\!VsProjects\BulletCollision\BulletCollision.Shared\..\..\..\BulletCollision\NarrowPhaseCollision\btMinkowskiPenetrationDepthSolver.cpp" "D:\Visual Studio 2013\Flash ZIP RAR 01.июл.2015 12-04-25\DirectXApp\Bullet\!VsProjects\BulletCollision\BulletCollision.Shared\..\..\..\BulletCollision\NarrowPhaseCollision\btPersistentManifold.cpp" "D:\Visual Studio 2013\Flash ZIP RAR 01.июл.2015 12-04-25\DirectXApp\Bullet\!VsProjects\BulletCollision\BulletCollision.Shared\..\..\..\BulletCollision\NarrowPhaseCollision\btPolyhedralContactClipping.cpp" "D:\Visual Studio 2013\Flash ZIP RAR 01.июл.2015 12-04-25\DirectXApp\Bullet\!VsProjects\BulletCollision\BulletCollision.Shared\..\..\..\BulletCollision\NarrowPhaseCollision\btRaycastCallback.cpp" "D:\Visual Studio 2013\Flash ZIP RAR 01.июл.2015 12-04-25\DirectXApp\Bullet\!VsProjects\BulletCollision\BulletCollision.Shared\..\..\..\BulletCollision\NarrowPhaseCollision\btSubSimplexConvexCast.cpp" "D:\Visual Studio 2013\Flash ZIP RAR 01.июл.2015 12-04-25\DirectXApp\Bullet\!VsProjects\BulletCollision\BulletCollision.Shared\..\..\..\BulletCollision\NarrowPhaseCollision\btVoronoiSimplexSolver.cpp"
         btAxisSweep3.cpp
         btBroadphaseProxy.cpp
         btCollisionAlgorithm.cpp
         btDbvt.cpp
         btDbvtBroadphase.cpp
         btDispatcher.cpp
         btMultiSapBroadphase.cpp
         btOverlappingPairCache.cpp
         btQuantizedBvh.cpp
         btSimpleBroadphase.cpp
         btActivatingCollisionAlgorithm.cpp
         btBox2dBox2dCollisionAlgorithm.cpp
         btBoxBoxCollisionAlgorithm.cpp
         btBoxBoxDetector.cpp
         btCollisionDispatcher.cpp
         btCollisionObject.cpp
         btCollisionWorld.cpp
         btCollisionWorldImporter.cpp
         btCompoundCollisionAlgorithm.cpp
         btCompoundCompoundCollisionAlgorithm.cpp
         btConvex2dConvex2dAlgorithm.cpp
         btConvexConcaveCollisionAlgorithm.cpp
         btConvexConvexAlgorithm.cpp
         btConvexPlaneCollisionAlgorithm.cpp
         btDefaultCollisionConfiguration.cpp
         btEmptyCollisionAlgorithm.cpp
         btGhostObject.cpp
         btHashedSimplePairCache.cpp
         btInternalEdgeUtility.cpp
         btManifoldResult.cpp
         btSimulationIslandManager.cpp
         btSphereBoxCollisionAlgorithm.cpp
         btSphereSphereCollisionAlgorithm.cpp
         btSphereTriangleCollisionAlgorithm.cpp
         btUnionFind.cpp
         SphereTriangleDetector.cpp
         btBox2dShape.cpp
         btBoxShape.cpp
         btBvhTriangleMeshShape.cpp
         btCapsuleShape.cpp
         btCollisionShape.cpp
         btCompoundShape.cpp
         btConcaveShape.cpp
         btConeShape.cpp
         btConvex2dShape.cpp
         btConvexHullShape.cpp
         btConvexInternalShape.cpp
         btConvexPointCloudShape.cpp
         btConvexPolyhedron.cpp
         btConvexShape.cpp
         btConvexTriangleMeshShape.cpp
         btCylinderShape.cpp
         btEmptyShape.cpp
         btHeightfieldTerrainShape.cpp
         btMinkowskiSumShape.cpp
         btMultimaterialTriangleMeshShape.cpp
         btMultiSphereShape.cpp
         btOptimizedBvh.cpp
         btPolyhedralConvexShape.cpp
         btScaledBvhTriangleMeshShape.cpp
         btShapeHull.cpp
         btSphereShape.cpp
         btStaticPlaneShape.cpp
         btStridingMeshInterface.cpp
         btTetrahedronShape.cpp
         btTriangleBuffer.cpp
         btTriangleCallback.cpp
         btTriangleIndexVertexArray.cpp
         btTriangleIndexVertexMaterialArray.cpp
         btTriangleMesh.cpp
         btTriangleMeshShape.cpp
         btUniformScalingShape.cpp
         btContactProcessing.cpp
         btGenericPoolAllocator.cpp
         btGImpactBvh.cpp
         btGImpactCollisionAlgorithm.cpp
         btGImpactQuantizedBvh.cpp
         btGImpactShape.cpp
         btTriangleShapeEx.cpp
         gim_box_set.cpp
         gim_contact.cpp
         gim_memory.cpp
         gim_tri_collision.cpp
         btContinuousConvexCollision.cpp
         btConvexCast.cpp
         btGjkConvexCast.cpp
         btGjkEpa2.cpp
         btGjkEpaPenetrationDepthSolver.cpp
         btGjkPairDetector.cpp
         btMinkowskiPenetrationDepthSolver.cpp
         btPersistentManifold.cpp
         btPolyhedralContactClipping.cpp
         btRaycastCallback.cpp
         btSubSimplexConvexCast.cpp
         btVoronoiSimplexSolver.cpp
       Lib:
         D:\Visual Studio 2013\VC\bin\x86_arm\Lib.exe /OUT:"D:\Visual Studio 2013\Flash ZIP RAR 01.июл.2015 12-04-25\DirectXApp\ARM\Debug\BulletCollision.Windows\BulletCollision.Windows.lib" /NOLOGO /MACHINE:ARM ARM\Debug\btAxisSweep3.obj
         ARM\Debug\btBroadphaseProxy.obj
         ARM\Debug\btCollisionAlgorithm.obj
         ARM\Debug\btDbvt.obj
         ARM\Debug\btDbvtBroadphase.obj
         ARM\Debug\btDispatcher.obj
         ARM\Debug\btMultiSapBroadphase.obj
         ARM\Debug\btOverlappingPairCache.obj
         ARM\Debug\btQuantizedBvh.obj
         ARM\Debug\btSimpleBroadphase.obj
         ARM\Debug\btActivatingCollisionAlgorithm.obj
         ARM\Debug\btBox2dBox2dCollisionAlgorithm.obj
         ARM\Debug\btBoxBoxCollisionAlgorithm.obj
         ARM\Debug\btBoxBoxDetector.obj
         ARM\Debug\btCollisionDispatcher.obj
         ARM\Debug\btCollisionObject.obj
         ARM\Debug\btCollisionWorld.obj
         ARM\Debug\btCollisionWorldImporter.obj
         ARM\Debug\btCompoundCollisionAlgorithm.obj
         ARM\Debug\btCompoundCompoundCollisionAlgorithm.obj
         ARM\Debug\btConvex2dConvex2dAlgorithm.obj
         ARM\Debug\btConvexConcaveCollisionAlgorithm.obj
         ARM\Debug\btConvexConvexAlgorithm.obj
         ARM\Debug\btConvexPlaneCollisionAlgorithm.obj
         ARM\Debug\btDefaultCollisionConfiguration.obj
         ARM\Debug\btEmptyCollisionAlgorithm.obj
         ARM\Debug\btGhostObject.obj
         ARM\Debug\btHashedSimplePairCache.obj
         ARM\Debug\btInternalEdgeUtility.obj
         ARM\Debug\btManifoldResult.obj
         ARM\Debug\btSimulationIslandManager.obj
         ARM\Debug\btSphereBoxCollisionAlgorithm.obj
         ARM\Debug\btSphereSphereCollisionAlgorithm.obj
         ARM\Debug\btSphereTriangleCollisionAlgorithm.obj
         ARM\Debug\btUnionFind.obj
         ARM\Debug\SphereTriangleDetector.obj
         ARM\Debug\btBox2dShape.obj
         ARM\Debug\btBoxShape.obj
         ARM\Debug\btBvhTriangleMeshShape.obj
         ARM\Debug\btCapsuleShape.obj
         ARM\Debug\btCollisionShape.obj
         ARM\Debug\btCompoundShape.obj
         ARM\Debug\btConcaveShape.obj
         ARM\Debug\btConeShape.obj
         ARM\Debug\btConvex2dShape.obj
         ARM\Debug\btConvexHullShape.obj
         ARM\Debug\btConvexInternalShape.obj
         ARM\Debug\btConvexPointCloudShape.obj
         ARM\Debug\btConvexPolyhedron.obj
         ARM\Debug\btConvexShape.obj
         ARM\Debug\btConvexTriangleMeshShape.obj
         ARM\Debug\btCylinderShape.obj
         ARM\Debug\btEmptyShape.obj
         ARM\Debug\btHeightfieldTerrainShape.obj
         ARM\Debug\btMinkowskiSumShape.obj
         ARM\Debug\btMultimaterialTriangleMeshShape.obj
         ARM\Debug\btMultiSphereShape.obj
         ARM\Debug\btOptimizedBvh.obj
         ARM\Debug\btPolyhedralConvexShape.obj
         ARM\Debug\btScaledBvhTriangleMeshShape.obj
         ARM\Debug\btShapeHull.obj
         ARM\Debug\btSphereShape.obj
         ARM\Debug\btStaticPlaneShape.obj
         ARM\Debug\btStridingMeshInterface.obj
         ARM\Debug\btTetrahedronShape.obj
         ARM\Debug\btTriangleBuffer.obj
         ARM\Debug\btTriangleCallback.obj
         ARM\Debug\btTriangleIndexVertexArray.obj
         ARM\Debug\btTriangleIndexVertexMaterialArray.obj
         ARM\Debug\btTriangleMesh.obj
         ARM\Debug\btTriangleMeshShape.obj
         ARM\Debug\btUniformScalingShape.obj
         ARM\Debug\btContactProcessing.obj
         ARM\Debug\btGenericPoolAllocator.obj
         ARM\Debug\btGImpactBvh.obj
         ARM\Debug\btGImpactCollisionAlgorithm.obj
         ARM\Debug\btGImpactQuantizedBvh.obj
         ARM\Debug\btGImpactShape.obj
         ARM\Debug\btTriangleShapeEx.obj
         ARM\Debug\gim_box_set.obj
         ARM\Debug\gim_contact.obj
         ARM\Debug\gim_memory.obj
         ARM\Debug\gim_tri_collision.obj
         ARM\Debug\btContinuousConvexCollision.obj
         ARM\Debug\btConvexCast.obj
         ARM\Debug\btGjkConvexCast.obj
         ARM\Debug\btGjkEpa2.obj
         ARM\Debug\btGjkEpaPenetrationDepthSolver.obj
         ARM\Debug\btGjkPairDetector.obj
         ARM\Debug\btMinkowskiPenetrationDepthSolver.obj
         ARM\Debug\btPersistentManifold.obj
         ARM\Debug\btPolyhedralContactClipping.obj
         ARM\Debug\btRaycastCallback.obj
         ARM\Debug\btSubSimplexConvexCast.obj
         ARM\Debug\btVoronoiSimplexSolver.obj
     1>btBroadphaseProxy.obj : warning LNK4221: This object file does not define any previously undefined public symbols, so it will not be used by any link operation that consumes this library
         BulletCollision.Windows.vcxproj -> D:\Visual Studio 2013\Flash ZIP RAR 01.июл.2015 12-04-25\DirectXApp\ARM\Debug\BulletCollision.Windows\BulletCollision.Windows.lib
       _GenerateProjectPriFileCore:
         C:\Program Files (x86)\Windows Kits\8.1\bin\x64\MakePri.exe New -ProjectRoot "D:\Visual Studio 2013\Flash ZIP RAR 01.июл.2015 12-04-25\DirectXApp\Bullet\!VsProjects\BulletCollision\BulletCollision.Windows\\" -ConfigXml ARM\Debug\priconfig.xml -OutputFile "D:\Visual Studio 2013\Flash ZIP RAR 01.июл.2015 12-04-25\DirectXApp\ARM\Debug\BulletCollision.Windows\BulletCollision.pri" -IndexName BulletCollision -Verbose -Overwrite  
     1>Done Building Project "D:\Visual Studio 2013\Flash ZIP RAR 01.июл.2015 12-04-25\DirectXApp\Bullet\!VsProjects\BulletCollision\BulletCollision.Windows\BulletCollision.Windows.vcxproj" (Build target(s)).

Build succeeded.

Time Elapsed 00:00:12.63
