d:\visual studio 2013\flash zip rar 01.июл.2015 12-04-25\directxapp\angryclone\bullet\!vsprojects\linearmath\linearmath.windows\debug\btconvexhullcomputer.obj
d:\visual studio 2013\flash zip rar 01.июл.2015 12-04-25\directxapp\angryclone\bullet\!vsprojects\linearmath\linearmath.windows\debug\btpolardecomposition.obj
d:\visual studio 2013\flash zip rar 01.июл.2015 12-04-25\directxapp\angryclone\bullet\!vsprojects\linearmath\linearmath.windows\debug\btgeometryutil.obj
d:\visual studio 2013\flash zip rar 01.июл.2015 12-04-25\directxapp\angryclone\bullet\!vsprojects\linearmath\linearmath.windows\debug\btvector3.obj
d:\visual studio 2013\flash zip rar 01.июл.2015 12-04-25\directxapp\angryclone\bullet\!vsprojects\linearmath\linearmath.windows\debug\btalignedallocator.obj
d:\visual studio 2013\flash zip rar 01.июл.2015 12-04-25\directxapp\angryclone\bullet\!vsprojects\linearmath\linearmath.windows\debug\btserializer.obj
d:\visual studio 2013\flash zip rar 01.июл.2015 12-04-25\directxapp\angryclone\bullet\!vsprojects\linearmath\linearmath.windows\debug\btconvexhull.obj
d:\visual studio 2013\flash zip rar 01.июл.2015 12-04-25\directxapp\angryclone\bullet\!vsprojects\linearmath\linearmath.windows\debug\btquickprof.obj
d:\visual studio 2013\flash zip rar 01.июл.2015 12-04-25\directxapp\angryclone\bullet\!vsprojects\linearmath\linearmath.windows\debug\vc120.pdb
d:\visual studio 2013\flash zip rar 01.июл.2015 12-04-25\directxapp\angryclone\debug\linearmath.windows\linearmath.windows.lib
d:\visual studio 2013\flash zip rar 01.июл.2015 12-04-25\directxapp\angryclone\bullet\!vsprojects\linearmath\linearmath.windows\debug\priconfig.xml
d:\visual studio 2013\flash zip rar 01.июл.2015 12-04-25\directxapp\angryclone\bullet\!vsprojects\linearmath\linearmath.windows\debug\priconfig.xml.intermediate
d:\visual studio 2013\flash zip rar 01.июл.2015 12-04-25\directxapp\angryclone\bullet\!vsprojects\linearmath\linearmath.windows\debug\layout.resfiles
d:\visual studio 2013\flash zip rar 01.июл.2015 12-04-25\directxapp\angryclone\bullet\!vsprojects\linearmath\linearmath.windows\debug\layout.resfiles.intermediate
d:\visual studio 2013\flash zip rar 01.июл.2015 12-04-25\directxapp\angryclone\bullet\!vsprojects\linearmath\linearmath.windows\debug\resources.resfiles
d:\visual studio 2013\flash zip rar 01.июл.2015 12-04-25\directxapp\angryclone\bullet\!vsprojects\linearmath\linearmath.windows\debug\resources.resfiles.intermediate
d:\visual studio 2013\flash zip rar 01.июл.2015 12-04-25\directxapp\angryclone\bullet\!vsprojects\linearmath\linearmath.windows\debug\pri.resfiles
d:\visual studio 2013\flash zip rar 01.июл.2015 12-04-25\directxapp\angryclone\bullet\!vsprojects\linearmath\linearmath.windows\debug\pri.resfiles.intermediate
d:\visual studio 2013\flash zip rar 01.июл.2015 12-04-25\directxapp\angryclone\debug\linearmath.windows\linearmath.pri
d:\visual studio 2013\flash zip rar 01.июл.2015 12-04-25\directxapp\angryclone\bullet\!vsprojects\linearmath\linearmath.windows\debug\qualifiers.txt
d:\visual studio 2013\flash zip rar 01.июл.2015 12-04-25\directxapp\angryclone\bullet\!vsprojects\linearmath\linearmath.windows\debug\qualifiers.txt.intermediate
d:\visual studio 2013\flash zip rar 01.июл.2015 12-04-25\directxapp\angryclone\bullet\!vsprojects\linearmath\linearmath.windows\debug\multiplequalifiersperdimensionfound.txt
d:\visual studio 2013\flash zip rar 01.июл.2015 12-04-25\directxapp\angryclone\bullet\!vsprojects\linearmath\linearmath.windows\debug\vc120.idb
d:\visual studio 2013\flash zip rar 01.июл.2015 12-04-25\directxapp\angryclone\bullet\!vsprojects\linearmath\linearmath.windows\debug\linearma.8f91d19d.tlog\cl.command.1.tlog
d:\visual studio 2013\flash zip rar 01.июл.2015 12-04-25\directxapp\angryclone\bullet\!vsprojects\linearmath\linearmath.windows\debug\linearma.8f91d19d.tlog\cl.read.1.tlog
d:\visual studio 2013\flash zip rar 01.июл.2015 12-04-25\directxapp\angryclone\bullet\!vsprojects\linearmath\linearmath.windows\debug\linearma.8f91d19d.tlog\cl.write.1.tlog
d:\visual studio 2013\flash zip rar 01.июл.2015 12-04-25\directxapp\angryclone\bullet\!vsprojects\linearmath\linearmath.windows\debug\linearma.8f91d19d.tlog\lib-link.read.1.tlog
d:\visual studio 2013\flash zip rar 01.июл.2015 12-04-25\directxapp\angryclone\bullet\!vsprojects\linearmath\linearmath.windows\debug\linearma.8f91d19d.tlog\lib-link.write.1.tlog
d:\visual studio 2013\flash zip rar 01.июл.2015 12-04-25\directxapp\angryclone\bullet\!vsprojects\linearmath\linearmath.windows\debug\linearma.8f91d19d.tlog\lib.command.1.tlog
d:\visual studio 2013\flash zip rar 01.июл.2015 12-04-25\directxapp\angryclone\bullet\!vsprojects\linearmath\linearmath.windows\debug\linearma.8f91d19d.tlog\linearmath.windows.read.1u.tlog
d:\visual studio 2013\flash zip rar 01.июл.2015 12-04-25\directxapp\angryclone\bullet\!vsprojects\linearmath\linearmath.windows\debug\linearma.8f91d19d.tlog\linearmath.windows.write.1u.tlog
